enable

WAT--A-OLT-MA5600T#scroll 512

WAT--A-OLT-MA5600T#config

WAT--A-OLT-MA5600T(config)#interface gpon 0/1

WAT--A-OLT-MA5600T(config-if-gpon-0/1)#display ont optical-info 0 0
  -----------------------------------------------------------------------------
  Module type                            : GPON
  Module sub-type                        : CLASS B+
  Used type                              : ONU
  Encapsulation Type                     : BOSA ON BOARD
  Optical power precision(dBm)           : 3.0
  Vendor PN                              : HW-BOB-0012     
  Rx optical power(dBm)                  : -27.69
  Rx power current warning threshold(dBm): [-,-]
  Rx power current alarm threshold(dBm)  : [-29.0,-7.0]
  Tx optical power(dBm)                  : 2.21
  Tx power current warning threshold(dBm): [-,-]
  Tx power current alarm threshold(dBm)  : [0.0,5.0]
  Laser bias current(mA)                 : 5
  Tx bias current warning threshold(mA)  : [-,-]
  Tx bias current alarm threshold(mA)    : [2.000,100.000]
  Temperature(C)                         : 38
  Temperature warning threshold(C)       : [-,-]
  Temperature alarm threshold(C)         : [-61,95]
  Voltage(V)                             : 3.280
  Supply voltage warning threshold(V)    : [-,-]
  Supply voltage alarm threshold(V)      : [3.000,3.600]
  OLT Rx ONT optical power(dBm)          : -30.58, out of range[-29.00, -7.00]
  CATV Rx optical power(dBm)             : -
  CATV Rx power alarm threshold(dBm)     : [-,-]
  -----------------------------------------------------------------------------

WAT--A-OLT-MA5600T(config-if-gpon-0/1)#

WAT--A-OLT-MA5600T(config-if-gpon-0/1)#display ont optical-info 0 1
  -----------------------------------------------------------------------------
  Module type                            : GPON
  Module sub-type                        : CLASS B+
  Used type                              : ONU
  Encapsulation Type                     : BOSA ON BOARD
  Optical power precision(dBm)           : 3.0
  Vendor PN                              : HW-BOB-0025     
  Rx optical power(dBm)                  : -21.13
  Rx power current warning threshold(dBm): [-,-]
  Rx power current alarm threshold(dBm)  : [-29.0,-7.0]
  Tx optical power(dBm)                  : 2.26
  Tx power current warning threshold(dBm): [-,-]
  Tx power current alarm threshold(dBm)  : [0.0,5.0]
  Laser bias current(mA)                 : 8
  Tx bias current warning threshold(mA)  : [-,-]
  Tx bias current alarm threshold(mA)    : [0.000,90.000]
  Temperature(C)                         : 37
  Temperature warning threshold(C)       : [-,-]
  Temperature alarm threshold(C)         : [-10,80]
  Voltage(V)                             : 3.300
  Supply voltage warning threshold(V)    : [-,-]
  Supply voltage alarm threshold(V)      : [3.000,3.600]
  OLT Rx ONT optical power(dBm)          : -20.91
  CATV Rx optical power(dBm)             : -
  CATV Rx power alarm threshold(dBm)     : [-,-]
  -----------------------------------------------------------------------------

WAT--A-OLT-MA5600T(config-if-gpon-0/1)#

WAT--A-OLT-MA5600T(config-if-gpon-0/1)#display ont optical-info 0 2
  -----------------------------------------------------------------------------
  Module type                            : -
  Module sub-type                        : -
  Used type                              : -
  Encapsulation Type                     : -
  Optical power precision(dBm)           : -
  Vendor PN                              : -
  Rx optical power(dBm)                  : -22.92
  Rx power current warning threshold(dBm): [-,-]
  Rx power current alarm threshold(dBm)  : [-,-]
  Tx optical power(dBm)                  : 2.44
  Tx power current warning threshold(dBm): [-,-]
  Tx power current alarm threshold(dBm)  : [-,-]
  Laser bias current(mA)                 : 12
  Tx bias current warning threshold(mA)  : [-,-]
  Tx bias current alarm threshold(mA)    : [-,-]
  Temperature(C)                         : 32
  Temperature warning threshold(C)       : [-,-]
  Temperature alarm threshold(C)         : [-,-]
  Voltage(V)                             : 3.280
  Supply voltage warning threshold(V)    : [-,-]
  Supply voltage alarm threshold(V)      : [-,-]
  OLT Rx ONT optical power(dBm)          : -22.95
  CATV Rx optical power(dBm)             : -
  CATV Rx power alarm threshold(dBm)     : [-,-]
  -----------------------------------------------------------------------------

WAT--A-OLT-MA5600T(config-if-gpon-0/1)#

WAT--A-OLT-MA5600T(config-if-gpon-0/1)#display ont optical-info 0 3
  -----------------------------------------------------------------------------
  Module type                            : GPON/EPON
  Module sub-type                        : Class B+ and PX20+
  Used type                              : ONU
  Encapsulation Type                     : BOSA ON BOARD
  Optical power precision(dBm)           : 3.0
  Vendor PN                              : HW-BOB-0012     
  Rx optical power(dBm)                  : -25.53
  Rx power current warning threshold(dBm): [-,-]
  Rx power current alarm threshold(dBm)  : [-29.0,-7.0]
  Tx optical power(dBm)                  : 2.10
  Tx power current warning threshold(dBm): [-,-]
  Tx power current alarm threshold(dBm)  : [0.0,5.0]
  Laser bias current(mA)                 : 9
  Tx bias current warning threshold(mA)  : [-,-]
  Tx bias current alarm threshold(mA)    : [2.000,100.000]
  Temperature(C)                         : 32
  Temperature warning threshold(C)       : [-,-]
  Temperature alarm threshold(C)         : [-61,95]
  Voltage(V)                             : 3.240
  Supply voltage warning threshold(V)    : [-,-]
  Supply voltage alarm threshold(V)      : [3.000,3.600]
  OLT Rx ONT optical power(dBm)          : -26.16
  CATV Rx optical power(dBm)             : -
  CATV Rx power alarm threshold(dBm)     : [-,-]
  -----------------------------------------------------------------------------

WAT--A-OLT-MA5600T(config-if-gpon-0/1)#

WAT--A-OLT-MA5600T(config-if-gpon-0/1)#display ont optical-info 0 4
  Failure: The ONT is not online

WAT--A-OLT-MA5600T(config-if-gpon-0/1)#display ont optical-info 0 5
  -----------------------------------------------------------------------------
  Module type                            : GPON
  Module sub-type                        : CLASS B+
  Used type                              : ONU
  Encapsulation Type                     : BOSA ON BOARD
  Optical power precision(dBm)           : 3.0
  Vendor PN                              : HW-BOB-0002     
  Rx optical power(dBm)                  : -23.56
  Rx power current warning threshold(dBm): [-,-]
  Rx power current alarm threshold(dBm)  : [-29.0,-7.0]
  Tx optical power(dBm)                  : 2.25
  Tx power current warning threshold(dBm): [-,-]
  Tx power current alarm threshold(dBm)  : [0.0,5.0]
  Laser bias current(mA)                 : 11
  Tx bias current warning threshold(mA)  : [-,-]
  Tx bias current alarm threshold(mA)    : [2.000,100.000]
  Temperature(C)                         : 30
  Temperature warning threshold(C)       : [-,-]
  Temperature alarm threshold(C)         : [-61,95]
  Voltage(V)                             : 3.400
  Supply voltage warning threshold(V)    : [-,-]
  Supply voltage alarm threshold(V)      : [3.000,3.600]
  OLT Rx ONT optical power(dBm)          : -22.95
  CATV Rx optical power(dBm)             : -
  CATV Rx power alarm threshold(dBm)     : [-,-]
  -----------------------------------------------------------------------------

WAT--A-OLT-MA5600T(config-if-gpon-0/1)#

WAT--A-OLT-MA5600T(config-if-gpon-0/1)#isplay ont optical-info 0 6
  -----------------------------------------------------------------------------
  Module type                            : -
  Module sub-type                        : -
  Used type                              : -
  Encapsulation Type                     : -
  Optical power precision(dBm)           : -
  Vendor PN                              : -
  Rx optical power(dBm)                  : -22.29
  Rx power current warning threshold(dBm): [-,-]
  Rx power current alarm threshold(dBm)  : [-,-]
  Tx optical power(dBm)                  : 2.73
  Tx power current warning threshold(dBm): [-,-]
  Tx power current alarm threshold(dBm)  : [-,-]
  Laser bias current(mA)                 : 10
  Tx bias current warning threshold(mA)  : [-,-]
  Tx bias current alarm threshold(mA)    : [-,-]
  Temperature(C)                         : 26
  Temperature warning threshold(C)       : [-,-]
  Temperature alarm threshold(C)         : [-,-]
  Voltage(V)                             : 3.360
  Supply voltage warning threshold(V)    : [-,-]
  Supply voltage alarm threshold(V)      : [-,-]
  OLT Rx ONT optical power(dBm)          : -21.43
  CATV Rx optical power(dBm)             : -
  CATV Rx power alarm threshold(dBm)     : [-,-]
  -----------------------------------------------------------------------------

WAT--A-OLT-MA5600T(config-if-gpon-0/1)#

WAT--A-OLT-MA5600T(config-if-gpon-0/1)#isplay ont optical-info 0 7
  -----------------------------------------------------------------------------
  Module type                            : GPON/EPON
  Module sub-type                        : Class B+ and PX20+
  Used type                              : ONU
  Encapsulation Type                     : BOSA ON BOARD
  Optical power precision(dBm)           : 3.0
  Vendor PN                              : HW-BOB-0012     
  Rx optical power(dBm)                  : -24.95
  Rx power current warning threshold(dBm): [-,-]
  Rx power current alarm threshold(dBm)  : [-32.0,-7.0]
  Tx optical power(dBm)                  : 2.03
  Tx power current warning threshold(dBm): [-,-]
  Tx power current alarm threshold(dBm)  : [0.0,5.0]
  Laser bias current(mA)                 : 16
  Tx bias current warning threshold(mA)  : [-,-]
  Tx bias current alarm threshold(mA)    : [2.000,100.000]
  Temperature(C)                         : 35
  Temperature warning threshold(C)       : [-,-]
  Temperature alarm threshold(C)         : [-61,95]
  Voltage(V)                             : 3.200
  Supply voltage warning threshold(V)    : [-,-]
  Supply voltage alarm threshold(V)      : [3.000,3.600]
  OLT Rx ONT optical power(dBm)          : -23.85
  CATV Rx optical power(dBm)             : -
  CATV Rx power alarm threshold(dBm)     : [-,-]
  -----------------------------------------------------------------------------

WAT--A-OLT-MA5600T(config-if-gpon-0/1)#

WAT--A-OLT-MA5600T(config-if-gpon-0/1)#isplay ont optical-info 0 8
  -----------------------------------------------------------------------------
  Module type                            : GPON/EPON
  Module sub-type                        : Class B+ and PX20+
  Used type                              : ONU
  Encapsulation Type                     : BOSA ON BOARD
  Optical power precision(dBm)           : 3.0
  Vendor PN                              : HW-BOB-0002     
  Rx optical power(dBm)                  : -24.43
  Rx power current warning threshold(dBm): [-,-]
  Rx power current alarm threshold(dBm)  : [-29.0,-7.0]
  Tx optical power(dBm)                  : 1.99
  Tx power current warning threshold(dBm): [-,-]
  Tx power current alarm threshold(dBm)  : [0.0,5.0]
  Laser bias current(mA)                 : 8
  Tx bias current warning threshold(mA)  : [-,-]
  Tx bias current alarm threshold(mA)    : [2.000,100.000]
  Temperature(C)                         : 36
  Temperature warning threshold(C)       : [-,-]
  Temperature alarm threshold(C)         : [-61,95]
  Voltage(V)                             : 3.300
  Supply voltage warning threshold(V)    : [-,-]
  Supply voltage alarm threshold(V)      : [3.000,3.600]
  OLT Rx ONT optical power(dBm)          : -24.79
  CATV Rx optical power(dBm)             : -
  CATV Rx power alarm threshold(dBm)     : [-,-]
  -----------------------------------------------------------------------------

WAT--A-OLT-MA5600T(config-if-gpon-0/1)#

WAT--A-OLT-MA5600T(config-if-gpon-0/1)#display ont optical-info 0 9
  Failure: The ONT is not online

WAT--A-OLT-MA5600T(config-if-gpon-0/1)#

WAT--A-OLT-MA5600T(config-if-gpon-0/1)#display ont optical-info 0 10
  Failure: The ONT is not online

WAT--A-OLT-MA5600T(config-if-gpon-0/1)#display ont optical-info 0 11
  -----------------------------------------------------------------------------
  Module type                            : GPON/EPON
  Module sub-type                        : Class B+ and PX20+
  Used type                              : ONU
  Encapsulation Type                     : BOSA ON BOARD
  Optical power precision(dBm)           : 3.0
  Vendor PN                              : HW-BOB-0012     
  Rx optical power(dBm)                  : -29.21
  Rx power current warning threshold(dBm): [-,-]
  Rx power current alarm threshold(dBm)  : [-29.0,-7.0]
  Tx optical power(dBm)                  : 2.24
  Tx power current warning threshold(dBm): [-,-]
  Tx power current alarm threshold(dBm)  : [0.0,5.0]
  Laser bias current(mA)                 : 9
  Tx bias current warning threshold(mA)  : [-,-]
  Tx bias current alarm threshold(mA)    : [2.000,100.000]
  Temperature(C)                         : 35
  Temperature warning threshold(C)       : [-,-]
  Temperature alarm threshold(C)         : [-61,95]
  Voltage(V)                             : 3.160
  Supply voltage warning threshold(V)    : [-,-]
  Supply voltage alarm threshold(V)      : [3.000,3.600]
  OLT Rx ONT optical power(dBm)          : -32.41, out of range[-29.00, -7.00]
  CATV Rx optical power(dBm)             : -
  CATV Rx power alarm threshold(dBm)     : [-,-]
  -----------------------------------------------------------------------------

WAT--A-OLT-MA5600T(config-if-gpon-0/1)#

WAT--A-OLT-MA5600T(config-if-gpon-0/1)#display ont optical-info 0 12
  Failure: The ONT is not online

WAT--A-OLT-MA5600T(config-if-gpon-0/1)#

WAT--A-OLT-MA5600T(config-if-gpon-0/1)#display ont optical-info 0 13
  Failure: The ONT is not online

WAT--A-OLT-MA5600T(config-if-gpon-0/1)#

WAT--A-OLT-MA5600T(config-if-gpon-0/1)#display ont optical-info 0 14
  Failure: The ONT is not online

WAT--A-OLT-MA5600T(config-if-gpon-0/1)#

WAT--A-OLT-MA5600T(config-if-gpon-0/1)#display ont optical-info 0 15
  Failure: The ONT is not online

WAT--A-OLT-MA5600T(config-if-gpon-0/1)#display ont optical-info 1 0
  Failure: The ONT is not online

WAT--A-OLT-MA5600T(config-if-gpon-0/1)#

WAT--A-OLT-MA5600T(config-if-gpon-0/1)#display ont optical-info 1 1
  -----------------------------------------------------------------------------
  Module type                            : -
  Module sub-type                        : -
  Used type                              : -
  Encapsulation Type                     : -
  Optical power precision(dBm)           : -
  Vendor PN                              : -
  Rx optical power(dBm)                  : -24.68
  Rx power current warning threshold(dBm): [-,-]
  Rx power current alarm threshold(dBm)  : [-,-]
  Tx optical power(dBm)                  : 2.63
  Tx power current warning threshold(dBm): [-,-]
  Tx power current alarm threshold(dBm)  : [-,-]
  Laser bias current(mA)                 : 12
  Tx bias current warning threshold(mA)  : [-,-]
  Tx bias current alarm threshold(mA)    : [-,-]
  Temperature(C)                         : 24
  Temperature warning threshold(C)       : [-,-]
  Temperature alarm threshold(C)         : [-,-]
  Voltage(V)                             : 3.300
  Supply voltage warning threshold(V)    : [-,-]
  Supply voltage alarm threshold(V)      : [-,-]
  OLT Rx ONT optical power(dBm)          : -25.57
  CATV Rx optical power(dBm)             : 0.00
  CATV Rx power alarm threshold(dBm)     : [-,-]
  -----------------------------------------------------------------------------

WAT--A-OLT-MA5600T(config-if-gpon-0/1)#

WAT--A-OLT-MA5600T(config-if-gpon-0/1)#display ont optical-info 1 2
  -----------------------------------------------------------------------------
  Module type                            : GPON
  Module sub-type                        : CLASS B+
  Used type                              : ONU
  Encapsulation Type                     : SFF 2X10
  Optical power precision(dBm)           : 3.0
  Vendor PN                              : SFU3424THPCDEHW4
  Rx optical power(dBm)                  : -21.36
  Rx power current warning threshold(dBm): [-,-]
  Rx power current alarm threshold(dBm)  : [-28.0,-7.0]
  Tx optical power(dBm)                  : 2.36
  Tx power current warning threshold(dBm): [-,-]
  Tx power current alarm threshold(dBm)  : [0.0,5.0]
  Laser bias current(mA)                 : 22
  Tx bias current warning threshold(mA)  : [-,-]
  Tx bias current alarm threshold(mA)    : [0.000,90.000]
  Temperature(C)                         : 42
  Temperature warning threshold(C)       : [-,-]
  Temperature alarm threshold(C)         : [-13,80]
  Voltage(V)                             : 3.360
  Supply voltage warning threshold(V)    : [-,-]
  Supply voltage alarm threshold(V)      : [3.000,3.600]
  OLT Rx ONT optical power(dBm)          : -20.99
  CATV Rx optical power(dBm)             : -
  CATV Rx power alarm threshold(dBm)     : [-,-]
  -----------------------------------------------------------------------------

WAT--A-OLT-MA5600T(config-if-gpon-0/1)#

WAT--A-OLT-MA5600T(config-if-gpon-0/1)#display ont optical-info 1 3
  -----------------------------------------------------------------------------
  Module type                            : GPON
  Module sub-type                        : CLASS B+
  Used type                              : ONU
  Encapsulation Type                     : BOSA ON BOARD
  Optical power precision(dBm)           : 3.0
  Vendor PN                              : HW-BOB-0002     
  Rx optical power(dBm)                  : -28.54
  Rx power current warning threshold(dBm): [-,-]
  Rx power current alarm threshold(dBm)  : [-29.0,-7.0]
  Tx optical power(dBm)                  : 2.19
  Tx power current warning threshold(dBm): [-,-]
  Tx power current alarm threshold(dBm)  : [0.0,5.0]
  Laser bias current(mA)                 : 10
  Tx bias current warning threshold(mA)  : [-,-]
  Tx bias current alarm threshold(mA)    : [2.000,100.000]
  Temperature(C)                         : 40
  Temperature warning threshold(C)       : [-,-]
  Temperature alarm threshold(C)         : [-61,95]
  Voltage(V)                             : 3.240
  Supply voltage warning threshold(V)    : [-,-]
  Supply voltage alarm threshold(V)      : [3.000,3.600]
  OLT Rx ONT optical power(dBm)          : -25.34
  CATV Rx optical power(dBm)             : -
  CATV Rx power alarm threshold(dBm)     : [-,-]
  -----------------------------------------------------------------------------

WAT--A-OLT-MA5600T(config-if-gpon-0/1)#

WAT--A-OLT-MA5600T(config-if-gpon-0/1)#display ont optical-info 1 4
  -----------------------------------------------------------------------------
  Module type                            : GPON/EPON
  Module sub-type                        : Class B+ and PX20+
  Used type                              : ONU
  Encapsulation Type                     : BOSA ON BOARD
  Optical power precision(dBm)           : 3.0
  Vendor PN                              : HW-BOB-0012     
  Rx optical power(dBm)                  : -29.21
  Rx power current warning threshold(dBm): [-,-]
  Rx power current alarm threshold(dBm)  : [-29.0,-7.0]
  Tx optical power(dBm)                  : 2.39
  Tx power current warning threshold(dBm): [-,-]
  Tx power current alarm threshold(dBm)  : [0.0,5.0]
  Laser bias current(mA)                 : 8
  Tx bias current warning threshold(mA)  : [-,-]
  Tx bias current alarm threshold(mA)    : [2.000,100.000]
  Temperature(C)                         : 30
  Temperature warning threshold(C)       : [-,-]
  Temperature alarm threshold(C)         : [-61,95]
  Voltage(V)                             : 3.200
  Supply voltage warning threshold(V)    : [-,-]
  Supply voltage alarm threshold(V)      : [3.000,3.600]
  OLT Rx ONT optical power(dBm)          : -27.27
  CATV Rx optical power(dBm)             : -
  CATV Rx power alarm threshold(dBm)     : [-,-]
  -----------------------------------------------------------------------------

WAT--A-OLT-MA5600T(config-if-gpon-0/1)#

WAT--A-OLT-MA5600T(config-if-gpon-0/1)#display ont optical-info 1 5
  Failure: The ONT is not online

WAT--A-OLT-MA5600T(config-if-gpon-0/1)#

WAT--A-OLT-MA5600T(config-if-gpon-0/1)#display ont optical-info 1 6
  Failure: The ONT is not online

WAT--A-OLT-MA5600T(config-if-gpon-0/1)#

WAT--A-OLT-MA5600T(config-if-gpon-0/1)#display ont optical-info 1 7
  Failure: The ONT is not online

WAT--A-OLT-MA5600T(config-if-gpon-0/1)#

WAT--A-OLT-MA5600T(config-if-gpon-0/1)#display ont optical-info 1 8
  Failure: The ONT is not online

WAT--A-OLT-MA5600T(config-if-gpon-0/1)#

WAT--A-OLT-MA5600T(config-if-gpon-0/1)#display ont optical-info 1 9
  Failure: The ONT is not online

WAT--A-OLT-MA5600T(config-if-gpon-0/1)#

WAT--A-OLT-MA5600T(config-if-gpon-0/1)#display ont optical-info 1 10
  Failure: The ONT is not online

WAT--A-OLT-MA5600T(config-if-gpon-0/1)#

WAT--A-OLT-MA5600T(config-if-gpon-0/1)#display ont optical-info 1 11
  Failure: The ONT is not online

WAT--A-OLT-MA5600T(config-if-gpon-0/1)#

WAT--A-OLT-MA5600T(config-if-gpon-0/1)#display ont optical-info 1 12
  -----------------------------------------------------------------------------
  Module type                            : GPON/EPON
  Module sub-type                        : Class B+ and PX20+
  Used type                              : ONU
  Encapsulation Type                     : BOSA ON BOARD
  Optical power precision(dBm)           : 3.0
  Vendor PN                              : HW-BOB-0012     
  Rx optical power(dBm)                  : -22.67
  Rx power current warning threshold(dBm): [-,-]
  Rx power current alarm threshold(dBm)  : [-29.0,-7.0]
  Tx optical power(dBm)                  : 2.06
  Tx power current warning threshold(dBm): [-,-]
  Tx power current alarm threshold(dBm)  : [0.0,5.0]
  Laser bias current(mA)                 : 6
  Tx bias current warning threshold(mA)  : [-,-]
  Tx bias current alarm threshold(mA)    : [2.000,100.000]
  Temperature(C)                         : 41
  Temperature warning threshold(C)       : [-,-]
  Temperature alarm threshold(C)         : [-61,95]
  Voltage(V)                             : 3.240
  Supply voltage warning threshold(V)    : [-,-]
  Supply voltage alarm threshold(V)      : [3.000,3.600]
  OLT Rx ONT optical power(dBm)          : -23.62
  CATV Rx optical power(dBm)             : -
  CATV Rx power alarm threshold(dBm)     : [-,-]
  -----------------------------------------------------------------------------

WAT--A-OLT-MA5600T(config-if-gpon-0/1)#

WAT--A-OLT-MA5600T(config-if-gpon-0/1)#display ont optical-info 1 13
  -----------------------------------------------------------------------------
  Module type                            : GPON
  Module sub-type                        : CLASS B+
  Used type                              : ONU
  Encapsulation Type                     : BOSA ON BOARD
  Optical power precision(dBm)           : 3.0
  Vendor PN                              : HW-BOB-0002     
  Rx optical power(dBm)                  : -33.00
  Rx power current warning threshold(dBm): [-,-]
  Rx power current alarm threshold(dBm)  : [-29.0,-7.0]
  Tx optical power(dBm)                  : 2.25
  Tx power current warning threshold(dBm): [-,-]
  Tx power current alarm threshold(dBm)  : [0.0,5.0]
  Laser bias current(mA)                 : 15
  Tx bias current warning threshold(mA)  : [-,-]
  Tx bias current alarm threshold(mA)    : [2.000,100.000]
  Temperature(C)                         : 38
  Temperature warning threshold(C)       : [-,-]
  Temperature alarm threshold(C)         : [-61,95]
  Voltage(V)                             : 3.260
  Supply voltage warning threshold(V)    : [-,-]
  Supply voltage alarm threshold(V)      : [3.000,3.600]
  OLT Rx ONT optical power(dBm)          : -25.27
  CATV Rx optical power(dBm)             : -
  CATV Rx power alarm threshold(dBm)     : [-,-]
  -----------------------------------------------------------------------------

WAT--A-OLT-MA5600T(config-if-gpon-0/1)#display ont optical-info 1 14
  Failure: The ONT is not online

WAT--A-OLT-MA5600T(config-if-gpon-0/1)#

WAT--A-OLT-MA5600T(config-if-gpon-0/1)#isplay ont optical-info 1 15
  Failure: The ONT is not online

WAT--A-OLT-MA5600T(config-if-gpon-0/1)#

WAT--A-OLT-MA5600T(config)#