enable

AQL-C_OLT_MA5600T#scroll 512

AQL-C_OLT_MA5600T#config

AQL-C_OLT_MA5600T(config)#interface gpon 0/1

AQL-C_OLT_MA5600T(config-if-gpon-0/1)#display ont optical-info 0 0
  Failure: The ONT is not online

AQL-C_OLT_MA5600T(config-if-gpon-0/1)#display ont optical-info 0 1
  Failure: The ONT is not online

AQL-C_OLT_MA5600T(config-if-gpon-0/1)#display ont optical-info 0 2
  Failure: The ONT is not online

AQL-C_OLT_MA5600T(config-if-gpon-0/1)#display ont optical-info 0 3
  -----------------------------------------------------------------------------
  Module type                            : GPON
  Module sub-type                        : CLASS B+
  Used type                              : ONU
  Encapsulation Type                     : BOSA ON BOARD
  Optical power precision(dBm)           : 3.0
  Vendor PN                              : HW-BOB-0008     
  Rx optical power(dBm)                  : -28.54
  Rx power current warning threshold(dBm): [-,-]
  Rx power current alarm threshold(dBm)  : [-29.0,-7.0]
  Tx optical power(dBm)                  : 1.91
  Tx power current warning threshold(dBm): [-,-]
  Tx power current alarm threshold(dBm)  : [0.0,5.0]
  Laser bias current(mA)                 : 7
  Tx bias current warning threshold(mA)  : [-,-]
  Tx bias current alarm threshold(mA)    : [2.000,100.000]
  Temperature(C)                         : 46
  Temperature warning threshold(C)       : [-,-]
  Temperature alarm threshold(C)         : [-61,95]
  Voltage(V)                             : 3.360
  Supply voltage warning threshold(V)    : [-,-]
  Supply voltage alarm threshold(V)      : [3.000,3.600]
  OLT Rx ONT optical power(dBm)          : -21.18
  CATV Rx optical power(dBm)             : -
  CATV Rx power alarm threshold(dBm)     : [-,-]
  -----------------------------------------------------------------------------

AQL-C_OLT_MA5600T(config-if-gpon-0/1)#display ont optical-info 0 4
  Failure: The ONT is not online

AQL-C_OLT_MA5600T(config-if-gpon-0/1)#

AQL-C_OLT_MA5600T(config-if-gpon-0/1)#display ont optical-info 0 5
  Failure: The ONT is not online

AQL-C_OLT_MA5600T(config-if-gpon-0/1)#display ont optical-info 0 6
  Failure: The ONT is not online

AQL-C_OLT_MA5600T(config-if-gpon-0/1)#display ont optical-info 0 7
  Failure: The ONT is not online

AQL-C_OLT_MA5600T(config-if-gpon-0/1)#

AQL-C_OLT_MA5600T(config-if-gpon-0/1)#display ont optical-info 0 8
  Failure: The ONT is not online

AQL-C_OLT_MA5600T(config-if-gpon-0/1)#display ont optical-info 0 9
  Failure: The ONT is not online

AQL-C_OLT_MA5600T(config-if-gpon-0/1)#display ont optical-info 0 10
  Failure: The ONT is not online

AQL-C_OLT_MA5600T(config-if-gpon-0/1)#display ont optical-info 0 11
  Failure: The ONT is not online

AQL-C_OLT_MA5600T(config-if-gpon-0/1)#display ont optical-info 0 12
  Failure: The ONT does not exist

AQL-C_OLT_MA5600T(config-if-gpon-0/1)#display ont optical-info 0 13
  Failure: The ONT is not online

AQL-C_OLT_MA5600T(config-if-gpon-0/1)#display ont optical-info 0 14
  Failure: The ONT does not exist

AQL-C_OLT_MA5600T(config-if-gpon-0/1)#display ont optical-info 0 15
  Failure: The ONT is not online

AQL-C_OLT_MA5600T(config-if-gpon-0/1)#display ont optical-info 0 16
  Failure: The ONT is not online

AQL-C_OLT_MA5600T(config-if-gpon-0/1)#

AQL-C_OLT_MA5600T(config-if-gpon-0/1)#display ont optical-info 0 17
  Failure: The ONT does not exist

AQL-C_OLT_MA5600T(config-if-gpon-0/1)#display ont optical-info 0 18
  Failure: The ONT does not exist

AQL-C_OLT_MA5600T(config-if-gpon-0/1)#

AQL-C_OLT_MA5600T(config-if-gpon-0/1)#display ont optical-info 0 19
  Failure: The ONT is not online

AQL-C_OLT_MA5600T(config-if-gpon-0/1)#display ont optical-info 0 20
  Failure: The ONT is not online

AQL-C_OLT_MA5600T(config-if-gpon-0/1)#display ont optical-info 0 21
  Failure: The ONT is not online

AQL-C_OLT_MA5600T(config-if-gpon-0/1)#

AQL-C_OLT_MA5600T(config-if-gpon-0/1)#display ont optical-info 0 22
  Failure: The ONT is not online

AQL-C_OLT_MA5600T(config-if-gpon-0/1)#display ont optical-info 0 23
  Failure: The ONT is not online

AQL-C_OLT_MA5600T(config-if-gpon-0/1)#display ont optical-info 0 24
  Failure: The ONT is not online

AQL-C_OLT_MA5600T(config-if-gpon-0/1)#display ont optical-info 0 25
  Failure: The ONT is not online

AQL-C_OLT_MA5600T(config-if-gpon-0/1)#display ont optical-info 0 26
  Failure: The ONT is not online

AQL-C_OLT_MA5600T(config-if-gpon-0/1)#display ont optical-info 0 27
  Failure: The ONT is not online

AQL-C_OLT_MA5600T(config-if-gpon-0/1)#display ont optical-info 0 28
  Failure: The ONT is not online

AQL-C_OLT_MA5600T(config-if-gpon-0/1)#

AQL-C_OLT_MA5600T(config-if-gpon-0/1)#display ont optical-info 0 29
  Failure: The ONT is not online

AQL-C_OLT_MA5600T(config-if-gpon-0/1)#display ont optical-info 0 30
  Failure: The ONT is not online

AQL-C_OLT_MA5600T(config-if-gpon-0/1)#display ont optical-info 0 31
  Failure: The ONT is not online

AQL-C_OLT_MA5600T(config-if-gpon-0/1)#display ont optical-info 0 32
  Failure: The ONT is not online

AQL-C_OLT_MA5600T(config-if-gpon-0/1)#display ont optical-info 0 33
  Failure: The ONT is not online

AQL-C_OLT_MA5600T(config-if-gpon-0/1)#

AQL-C_OLT_MA5600T(config-if-gpon-0/1)#display ont optical-info 0 34
  Failure: The ONT does not exist

AQL-C_OLT_MA5600T(config-if-gpon-0/1)#display ont optical-info 0 35
  Failure: The ONT does not exist

AQL-C_OLT_MA5600T(config-if-gpon-0/1)#display ont optical-info 0 36
  Failure: The ONT does not exist

AQL-C_OLT_MA5600T(config-if-gpon-0/1)#display ont optical-info 0 37
  Failure: The ONT does not exist

AQL-C_OLT_MA5600T(config-if-gpon-0/1)#display ont optical-info 0 38
  Failure: The ONT does not exist

AQL-C_OLT_MA5600T(config-if-gpon-0/1)#

AQL-C_OLT_MA5600T(config-if-gpon-0/1)#display ont optical-info 0 39
  Failure: The ONT does not exist

AQL-C_OLT_MA5600T(config-if-gpon-0/1)#display ont optical-info 0 40
  Failure: The ONT does not exist

AQL-C_OLT_MA5600T(config-if-gpon-0/1)#display ont optical-info 0 41
  Failure: The ONT does not exist

AQL-C_OLT_MA5600T(config-if-gpon-0/1)#display ont optical-info 0 42
  Failure: The ONT does not exist

AQL-C_OLT_MA5600T(config-if-gpon-0/1)#display ont optical-info 0 43
  Failure: The ONT does not exist

AQL-C_OLT_MA5600T(config-if-gpon-0/1)#

AQL-C_OLT_MA5600T(config-if-gpon-0/1)#display ont optical-info 0 44
  Failure: The ONT does not exist

AQL-C_OLT_MA5600T(config-if-gpon-0/1)#display ont optical-info 0 45
  Failure: The ONT does not exist

AQL-C_OLT_MA5600T(config-if-gpon-0/1)#display ont optical-info 0 46
  Failure: The ONT does not exist

AQL-C_OLT_MA5600T(config-if-gpon-0/1)#display ont optical-info 0 47
  Failure: The ONT does not exist

AQL-C_OLT_MA5600T(config-if-gpon-0/1)#display ont optical-info 0 48
  Failure: The ONT does not exist

AQL-C_OLT_MA5600T(config-if-gpon-0/1)#display ont optical-info 0 49
  Failure: The ONT does not exist

AQL-C_OLT_MA5600T(config-if-gpon-0/1)#display ont optical-info 0 50
  Failure: The ONT does not exist

AQL-C_OLT_MA5600T(config-if-gpon-0/1)#display ont optical-info 0 51
  Failure: The ONT does not exist

AQL-C_OLT_MA5600T(config-if-gpon-0/1)#display ont optical-info 0 52
  Failure: The ONT does not exist

AQL-C_OLT_MA5600T(config-if-gpon-0/1)#display ont optical-info 0 53
  Failure: The ONT does not exist

AQL-C_OLT_MA5600T(config-if-gpon-0/1)#display ont optical-info 0 54
  Failure: The ONT does not exist

AQL-C_OLT_MA5600T(config-if-gpon-0/1)#display ont optical-info 0 55
  Failure: The ONT does not exist

AQL-C_OLT_MA5600T(config-if-gpon-0/1)#

AQL-C_OLT_MA5600T(config-if-gpon-0/1)#display ont optical-info 0 56
  Failure: The ONT does not exist

AQL-C_OLT_MA5600T(config-if-gpon-0/1)#display ont optical-info 0 57
  Failure: The ONT does not exist

AQL-C_OLT_MA5600T(config-if-gpon-0/1)#display ont optical-info 0 58
  Failure: The ONT does not exist

AQL-C_OLT_MA5600T(config-if-gpon-0/1)#display ont optical-info 0 59
  Failure: The ONT does not exist

AQL-C_OLT_MA5600T(config-if-gpon-0/1)#

AQL-C_OLT_MA5600T(config-if-gpon-0/1)#display ont optical-info 0 60
  Failure: The ONT does not exist

AQL-C_OLT_MA5600T(config-if-gpon-0/1)#display ont optical-info 0 61
  Failure: The ONT does not exist

AQL-C_OLT_MA5600T(config-if-gpon-0/1)#

AQL-C_OLT_MA5600T(config-if-gpon-0/1)#display ont optical-info 0 62
  Failure: The ONT does not exist

AQL-C_OLT_MA5600T(config-if-gpon-0/1)#display ont optical-info 0 63
  Failure: The ONT is not online

AQL-C_OLT_MA5600T(config-if-gpon-0/1)#display ont optical-info 0 64
  Failure: The ONT does not exist

AQL-C_OLT_MA5600T(config-if-gpon-0/1)#

AQL-C_OLT_MA5600T(config-if-gpon-0/1)#display ont optical-info 0 65
  Failure: The ONT does not exist

AQL-C_OLT_MA5600T(config-if-gpon-0/1)#display ont optical-info 0 66
  Failure: The ONT does not exist

AQL-C_OLT_MA5600T(config-if-gpon-0/1)#

AQL-C_OLT_MA5600T(config-if-gpon-0/1)#display ont optical-info 0 67
  Failure: The ONT does not exist

AQL-C_OLT_MA5600T(config-if-gpon-0/1)#display ont optical-info 0 68
  Failure: The ONT does not exist

AQL-C_OLT_MA5600T(config-if-gpon-0/1)#display ont optical-info 0 69
  Failure: The ONT does not exist

AQL-C_OLT_MA5600T(config-if-gpon-0/1)#display ont optical-info 0 70
  Failure: The ONT does not exist

AQL-C_OLT_MA5600T(config-if-gpon-0/1)#display ont optical-info 0 71
  Failure: The ONT does not exist

AQL-C_OLT_MA5600T(config-if-gpon-0/1)#display ont optical-info 0 72
  Failure: The ONT does not exist

AQL-C_OLT_MA5600T(config-if-gpon-0/1)#display ont optical-info 0 73
  Failure: The ONT does not exist

AQL-C_OLT_MA5600T(config-if-gpon-0/1)#display ont optical-info 0 74
  Failure: The ONT does not exist

AQL-C_OLT_MA5600T(config-if-gpon-0/1)#display ont optical-info 0 75
  Failure: The ONT does not exist

AQL-C_OLT_MA5600T(config-if-gpon-0/1)#

AQL-C_OLT_MA5600T(config-if-gpon-0/1)#display ont optical-info 0 76
  Failure: The ONT does not exist

AQL-C_OLT_MA5600T(config-if-gpon-0/1)#display ont optical-info 0 77
  Failure: The ONT does not exist

AQL-C_OLT_MA5600T(config-if-gpon-0/1)#display ont optical-info 0 78
  Failure: The ONT does not exist

AQL-C_OLT_MA5600T(config-if-gpon-0/1)#display ont optical-info 0 79
  Failure: The ONT does not exist

AQL-C_OLT_MA5600T(config-if-gpon-0/1)#

AQL-C_OLT_MA5600T(config-if-gpon-0/1)#display ont optical-info 0 80
  Failure: The ONT does not exist

AQL-C_OLT_MA5600T(config-if-gpon-0/1)#display ont optical-info 0 81
  Failure: The ONT does not exist

AQL-C_OLT_MA5600T(config-if-gpon-0/1)#display ont optical-info 0 82
  Failure: The ONT does not exist

AQL-C_OLT_MA5600T(config-if-gpon-0/1)#display ont optical-info 0 83
  Failure: The ONT does not exist

AQL-C_OLT_MA5600T(config-if-gpon-0/1)#display ont optical-info 0 84
  Failure: The ONT does not exist

AQL-C_OLT_MA5600T(config-if-gpon-0/1)#display ont optical-info 0 85
  Failure: The ONT does not exist

AQL-C_OLT_MA5600T(config-if-gpon-0/1)#display ont optical-info 0 86
  Failure: The ONT does not exist

AQL-C_OLT_MA5600T(config-if-gpon-0/1)#display ont optical-info 0 87
  Failure: The ONT does not exist

AQL-C_OLT_MA5600T(config-if-gpon-0/1)#

AQL-C_OLT_MA5600T(config-if-gpon-0/1)#display ont optical-info 0 88
  Failure: The ONT does not exist

AQL-C_OLT_MA5600T(config-if-gpon-0/1)#display ont optical-info 0 89
  Failure: The ONT does not exist

AQL-C_OLT_MA5600T(config-if-gpon-0/1)#display ont optical-info 0 90
  Failure: The ONT does not exist

AQL-C_OLT_MA5600T(config-if-gpon-0/1)#display ont optical-info 0 91
  Failure: The ONT does not exist

AQL-C_OLT_MA5600T(config-if-gpon-0/1)#display ont optical-info 0 92
  Failure: The ONT does not exist

AQL-C_OLT_MA5600T(config-if-gpon-0/1)#

AQL-C_OLT_MA5600T(config-if-gpon-0/1)#display ont optical-info 0 93
  Failure: The ONT does not exist

AQL-C_OLT_MA5600T(config-if-gpon-0/1)#display ont optical-info 0 94
  Failure: The ONT does not exist

AQL-C_OLT_MA5600T(config-if-gpon-0/1)#

AQL-C_OLT_MA5600T(config-if-gpon-0/1)#display ont optical-info 0 95
  Failure: The ONT does not exist

AQL-C_OLT_MA5600T(config-if-gpon-0/1)#display ont optical-info 0 96
  Failure: The ONT does not exist

AQL-C_OLT_MA5600T(config-if-gpon-0/1)#display ont optical-info 0 97
  Failure: The ONT does not exist

AQL-C_OLT_MA5600T(config-if-gpon-0/1)#

AQL-C_OLT_MA5600T(config-if-gpon-0/1)#display ont optical-info 0 98
  Failure: The ONT does not exist

AQL-C_OLT_MA5600T(config-if-gpon-0/1)#display ont optical-info 0 99
  Failure: The ONT does not exist

AQL-C_OLT_MA5600T(config-if-gpon-0/1)#

AQL-C_OLT_MA5600T(config-if-gpon-0/1)#display ont optical-info 0 100
  Failure: The ONT does not exist

AQL-C_OLT_MA5600T(config-if-gpon-0/1)#display ont optical-info 0 101
  Failure: The ONT does not exist

AQL-C_OLT_MA5600T(config-if-gpon-0/1)#

AQL-C_OLT_MA5600T(config-if-gpon-0/1)#display ont optical-info 0 102
  Failure: The ONT does not exist

AQL-C_OLT_MA5600T(config-if-gpon-0/1)#display ont optical-info 0 103
  Failure: The ONT does not exist

AQL-C_OLT_MA5600T(config-if-gpon-0/1)#display ont optical-info 0 104
  Failure: The ONT does not exist

AQL-C_OLT_MA5600T(config-if-gpon-0/1)#display ont optical-info 0 105
  Failure: The ONT does not exist

AQL-C_OLT_MA5600T(config-if-gpon-0/1)#display ont optical-info 0 106
  Failure: The ONT does not exist

AQL-C_OLT_MA5600T(config-if-gpon-0/1)#display ont optical-info 0 107
  Failure: The ONT does not exist

AQL-C_OLT_MA5600T(config-if-gpon-0/1)#display ont optical-info 0 108
  Failure: The ONT does not exist

AQL-C_OLT_MA5600T(config-if-gpon-0/1)#

AQL-C_OLT_MA5600T(config-if-gpon-0/1)#display ont optical-info 0 109
  Failure: The ONT does not exist

AQL-C_OLT_MA5600T(config-if-gpon-0/1)#

AQL-C_OLT_MA5600T(config-if-gpon-0/1)#display ont optical-info 0 110
  Failure: The ONT does not exist

AQL-C_OLT_MA5600T(config-if-gpon-0/1)#display ont optical-info 0 111
  Failure: The ONT does not exist

AQL-C_OLT_MA5600T(config-if-gpon-0/1)#display ont optical-info 0 112
  Failure: The ONT does not exist

AQL-C_OLT_MA5600T(config-if-gpon-0/1)#display ont optical-info 0 113
  Failure: The ONT does not exist

AQL-C_OLT_MA5600T(config-if-gpon-0/1)#display ont optical-info 0 114
  Failure: The ONT does not exist

AQL-C_OLT_MA5600T(config-if-gpon-0/1)#

AQL-C_OLT_MA5600T(config-if-gpon-0/1)#display ont optical-info 0 115
  Failure: The ONT does not exist

AQL-C_OLT_MA5600T(config-if-gpon-0/1)#display ont optical-info 0 116
  Failure: The ONT does not exist

AQL-C_OLT_MA5600T(config-if-gpon-0/1)#display ont optical-info 0 117
  Failure: The ONT does not exist

AQL-C_OLT_MA5600T(config-if-gpon-0/1)#display ont optical-info 0 118
  Failure: The ONT does not exist

AQL-C_OLT_MA5600T(config-if-gpon-0/1)#display ont optical-info 0 119
  Failure: The ONT does not exist

AQL-C_OLT_MA5600T(config-if-gpon-0/1)#display ont optical-info 0 120
  Failure: The ONT does not exist

AQL-C_OLT_MA5600T(config-if-gpon-0/1)#display ont optical-info 0 121
  Failure: The ONT does not exist

AQL-C_OLT_MA5600T(config-if-gpon-0/1)#

AQL-C_OLT_MA5600T(config-if-gpon-0/1)#display ont optical-info 0 122
  Failure: The ONT does not exist

AQL-C_OLT_MA5600T(config-if-gpon-0/1)#display ont optical-info 0 123
  Failure: The ONT does not exist

AQL-C_OLT_MA5600T(config-if-gpon-0/1)#display ont optical-info 0 124
  Failure: The ONT does not exist

AQL-C_OLT_MA5600T(config-if-gpon-0/1)#display ont optical-info 0 125
  Failure: The ONT does not exist

AQL-C_OLT_MA5600T(config-if-gpon-0/1)#display ont optical-info 0 126
  Failure: The ONT does not exist

AQL-C_OLT_MA5600T(config-if-gpon-0/1)#

AQL-C_OLT_MA5600T(config-if-gpon-0/1)#display ont optical-info 0 127
  Failure: The ONT does not exist

AQL-C_OLT_MA5600T(config-if-gpon-0/1)#display ont optical-info 1 0
  Failure: The ONT does not exist

AQL-C_OLT_MA5600T(config-if-gpon-0/1)#display ont optical-info 1 1
  Failure: The ONT is not online

AQL-C_OLT_MA5600T(config-if-gpon-0/1)#

AQL-C_OLT_MA5600T(config-if-gpon-0/1)#display ont optical-info 1 2
  Failure: The ONT does not exist

AQL-C_OLT_MA5600T(config-if-gpon-0/1)#display ont optical-info 1 3
  Failure: The ONT does not exist

AQL-C_OLT_MA5600T(config-if-gpon-0/1)#display ont optical-info 1 4
  Failure: The ONT is not online

AQL-C_OLT_MA5600T(config-if-gpon-0/1)#display ont optical-info 1 5
  Failure: The ONT does not exist

AQL-C_OLT_MA5600T(config-if-gpon-0/1)#display ont optical-info 1 6
  Failure: The ONT is not online

AQL-C_OLT_MA5600T(config-if-gpon-0/1)#

AQL-C_OLT_MA5600T(config-if-gpon-0/1)#display ont optical-info 1 7
  Failure: The ONT is not online

AQL-C_OLT_MA5600T(config-if-gpon-0/1)#display ont optical-info 1 8
  Failure: The ONT does not exist

AQL-C_OLT_MA5600T(config-if-gpon-0/1)#display ont optical-info 1 9
  Failure: The ONT is not online

AQL-C_OLT_MA5600T(config-if-gpon-0/1)#display ont optical-info 1 10
  Failure: The ONT does not exist

AQL-C_OLT_MA5600T(config-if-gpon-0/1)#display ont optical-info 1 11
  Failure: The ONT does not exist

AQL-C_OLT_MA5600T(config-if-gpon-0/1)#display ont optical-info 1 12
  Failure: The ONT is not online

AQL-C_OLT_MA5600T(config-if-gpon-0/1)#

AQL-C_OLT_MA5600T(config-if-gpon-0/1)#display ont optical-info 1 13
  Failure: The ONT does not exist

AQL-C_OLT_MA5600T(config-if-gpon-0/1)#display ont optical-info 1 14
  Failure: The ONT is not online

AQL-C_OLT_MA5600T(config-if-gpon-0/1)#display ont optical-info 1 15
  Failure: The ONT does not exist

AQL-C_OLT_MA5600T(config-if-gpon-0/1)#

AQL-C_OLT_MA5600T(config-if-gpon-0/1)#display ont optical-info 1 16
  Failure: The ONT is not online

AQL-C_OLT_MA5600T(config-if-gpon-0/1)#display ont optical-info 1 17
  Failure: The ONT does not exist

AQL-C_OLT_MA5600T(config-if-gpon-0/1)#display ont optical-info 1 18
  Failure: The ONT does not exist

AQL-C_OLT_MA5600T(config-if-gpon-0/1)#display ont optical-info 1 19
  Failure: The ONT does not exist

AQL-C_OLT_MA5600T(config-if-gpon-0/1)#display ont optical-info 1 20
  Failure: The ONT is not online

AQL-C_OLT_MA5600T(config-if-gpon-0/1)#display ont optical-info 1 21
  Failure: The ONT is not online

AQL-C_OLT_MA5600T(config-if-gpon-0/1)#display ont optical-info 1 22
  Failure: The ONT does not exist

AQL-C_OLT_MA5600T(config-if-gpon-0/1)#display ont optical-info 1 23
  Failure: The ONT does not exist

AQL-C_OLT_MA5600T(config-if-gpon-0/1)#display ont optical-info 1 24
  Failure: The ONT is not online

AQL-C_OLT_MA5600T(config-if-gpon-0/1)#display ont optical-info 1 25
  Failure: The ONT is not online

AQL-C_OLT_MA5600T(config-if-gpon-0/1)#

AQL-C_OLT_MA5600T(config-if-gpon-0/1)#display ont optical-info 1 26
  Failure: The ONT is not online

AQL-C_OLT_MA5600T(config-if-gpon-0/1)#display ont optical-info 1 27
  Failure: The ONT is not online

AQL-C_OLT_MA5600T(config-if-gpon-0/1)#

AQL-C_OLT_MA5600T(config-if-gpon-0/1)#display ont optical-info 1 28
  Failure: The ONT is not online

AQL-C_OLT_MA5600T(config-if-gpon-0/1)#display ont optical-info 1 29
  Failure: The ONT does not exist

AQL-C_OLT_MA5600T(config-if-gpon-0/1)#

AQL-C_OLT_MA5600T(config-if-gpon-0/1)#display ont optical-info 1 30
  Failure: The ONT is not online

AQL-C_OLT_MA5600T(config-if-gpon-0/1)#display ont optical-info 1 31
  Failure: The ONT is not online

AQL-C_OLT_MA5600T(config-if-gpon-0/1)#display ont optical-info 1 32
  Failure: The ONT does not exist

AQL-C_OLT_MA5600T(config-if-gpon-0/1)#display ont optical-info 1 33
  Failure: The ONT does not exist

AQL-C_OLT_MA5600T(config-if-gpon-0/1)#

AQL-C_OLT_MA5600T(config-if-gpon-0/1)#display ont optical-info 1 34
  Failure: The ONT is not online

AQL-C_OLT_MA5600T(config-if-gpon-0/1)#display ont optical-info 1 35
  Failure: The ONT is not online

AQL-C_OLT_MA5600T(config-if-gpon-0/1)#display ont optical-info 1 36
  Failure: The ONT is not online

AQL-C_OLT_MA5600T(config-if-gpon-0/1)#

AQL-C_OLT_MA5600T(config-if-gpon-0/1)#display ont optical-info 1 37
  Failure: The ONT does not exist

AQL-C_OLT_MA5600T(config-if-gpon-0/1)#display ont optical-info 1 38
  Failure: The ONT does not exist

AQL-C_OLT_MA5600T(config-if-gpon-0/1)#display ont optical-info 1 39
  Failure: The ONT does not exist

AQL-C_OLT_MA5600T(config-if-gpon-0/1)#display ont optical-info 1 40
  Failure: The ONT does not exist

AQL-C_OLT_MA5600T(config-if-gpon-0/1)#display ont optical-info 1 41
  Failure: The ONT does not exist

AQL-C_OLT_MA5600T(config-if-gpon-0/1)#

AQL-C_OLT_MA5600T(config-if-gpon-0/1)#display ont optical-info 1 42
  Failure: The ONT is not online

AQL-C_OLT_MA5600T(config-if-gpon-0/1)#display ont optical-info 1 43
  Failure: The ONT is not online

AQL-C_OLT_MA5600T(config-if-gpon-0/1)#

AQL-C_OLT_MA5600T(config-if-gpon-0/1)#display ont optical-info 1 44
  Failure: The ONT is not online

AQL-C_OLT_MA5600T(config-if-gpon-0/1)#display ont optical-info 1 45
  Failure: The ONT does not exist

AQL-C_OLT_MA5600T(config-if-gpon-0/1)#display ont optical-info 1 46
  Failure: The ONT does not exist

AQL-C_OLT_MA5600T(config-if-gpon-0/1)#

AQL-C_OLT_MA5600T(config-if-gpon-0/1)#display ont optical-info 1 47
  Failure: The ONT does not exist

AQL-C_OLT_MA5600T(config-if-gpon-0/1)#display ont optical-info 1 48
  Failure: The ONT does not exist

AQL-C_OLT_MA5600T(config-if-gpon-0/1)#display ont optical-info 1 49
  Failure: The ONT does not exist

AQL-C_OLT_MA5600T(config-if-gpon-0/1)#

AQL-C_OLT_MA5600T(config-if-gpon-0/1)#display ont optical-info 1 50
  Failure: The ONT does not exist

AQL-C_OLT_MA5600T(config-if-gpon-0/1)#display ont optical-info 1 51
  Failure: The ONT is not online

AQL-C_OLT_MA5600T(config-if-gpon-0/1)#display ont optical-info 1 52
  Failure: The ONT does not exist

AQL-C_OLT_MA5600T(config-if-gpon-0/1)#display ont optical-info 1 53
  Failure: The ONT does not exist

AQL-C_OLT_MA5600T(config-if-gpon-0/1)#display ont optical-info 1 54
  Failure: The ONT is not online

AQL-C_OLT_MA5600T(config-if-gpon-0/1)#display ont optical-info 1 55
  Failure: The ONT is not online

AQL-C_OLT_MA5600T(config-if-gpon-0/1)#display ont optical-info 1 56
  Failure: The ONT is not online

AQL-C_OLT_MA5600T(config-if-gpon-0/1)#display ont optical-info 1 57
  Failure: The ONT does not exist

AQL-C_OLT_MA5600T(config-if-gpon-0/1)#display ont optical-info 1 58
  Failure: The ONT does not exist

AQL-C_OLT_MA5600T(config-if-gpon-0/1)#display ont optical-info 1 59
  Failure: The ONT does not exist

AQL-C_OLT_MA5600T(config-if-gpon-0/1)#

AQL-C_OLT_MA5600T(config-if-gpon-0/1)#display ont optical-info 1 60
  Failure: The ONT does not exist

AQL-C_OLT_MA5600T(config-if-gpon-0/1)#display ont optical-info 1 61
  Failure: The ONT does not exist

AQL-C_OLT_MA5600T(config-if-gpon-0/1)#display ont optical-info 1 62
  Failure: The ONT does not exist

AQL-C_OLT_MA5600T(config-if-gpon-0/1)#

AQL-C_OLT_MA5600T(config-if-gpon-0/1)#display ont optical-info 1 63
  Failure: The ONT is not online

AQL-C_OLT_MA5600T(config-if-gpon-0/1)#display ont optical-info 1 64
  Failure: The ONT does not exist

AQL-C_OLT_MA5600T(config-if-gpon-0/1)#display ont optical-info 1 65
  Failure: The ONT does not exist

AQL-C_OLT_MA5600T(config-if-gpon-0/1)#display ont optical-info 1 66
  Failure: The ONT does not exist

AQL-C_OLT_MA5600T(config-if-gpon-0/1)#display ont optical-info 1 67
  Failure: The ONT does not exist

AQL-C_OLT_MA5600T(config-if-gpon-0/1)#display ont optical-info 1 68
  Failure: The ONT does not exist

AQL-C_OLT_MA5600T(config-if-gpon-0/1)#display ont optical-info 1 69
  Failure: The ONT does not exist

AQL-C_OLT_MA5600T(config-if-gpon-0/1)#display ont optical-info 1 70
  Failure: The ONT does not exist

AQL-C_OLT_MA5600T(config-if-gpon-0/1)#

AQL-C_OLT_MA5600T(config-if-gpon-0/1)#display ont optical-info 1 71
  Failure: The ONT does not exist

AQL-C_OLT_MA5600T(config-if-gpon-0/1)#display ont optical-info 1 72
  Failure: The ONT does not exist

AQL-C_OLT_MA5600T(config-if-gpon-0/1)#display ont optical-info 1 73
  Failure: The ONT does not exist

AQL-C_OLT_MA5600T(config-if-gpon-0/1)#display ont optical-info 1 74
  Failure: The ONT does not exist

AQL-C_OLT_MA5600T(config-if-gpon-0/1)#display ont optical-info 1 75
  Failure: The ONT does not exist

AQL-C_OLT_MA5600T(config-if-gpon-0/1)#

AQL-C_OLT_MA5600T(config-if-gpon-0/1)#display ont optical-info 1 76
  Failure: The ONT does not exist

AQL-C_OLT_MA5600T(config-if-gpon-0/1)#display ont optical-info 1 77
  Failure: The ONT does not exist

AQL-C_OLT_MA5600T(config-if-gpon-0/1)#

AQL-C_OLT_MA5600T(config-if-gpon-0/1)#display ont optical-info 1 78
  Failure: The ONT does not exist

AQL-C_OLT_MA5600T(config-if-gpon-0/1)#display ont optical-info 1 79
  Failure: The ONT does not exist

AQL-C_OLT_MA5600T(config-if-gpon-0/1)#display ont optical-info 1 80
  Failure: The ONT does not exist

AQL-C_OLT_MA5600T(config-if-gpon-0/1)#

AQL-C_OLT_MA5600T(config-if-gpon-0/1)#display ont optical-info 1 81
  Failure: The ONT does not exist

AQL-C_OLT_MA5600T(config-if-gpon-0/1)#display ont optical-info 1 82
  Failure: The ONT does not exist

AQL-C_OLT_MA5600T(config-if-gpon-0/1)#display ont optical-info 1 83
  Failure: The ONT does not exist

AQL-C_OLT_MA5600T(config-if-gpon-0/1)#display ont optical-info 1 84
  Failure: The ONT does not exist

AQL-C_OLT_MA5600T(config-if-gpon-0/1)#display ont optical-info 1 85
  Failure: The ONT does not exist

AQL-C_OLT_MA5600T(config-if-gpon-0/1)#

AQL-C_OLT_MA5600T(config-if-gpon-0/1)#display ont optical-info 1 86
  Failure: The ONT does not exist

AQL-C_OLT_MA5600T(config-if-gpon-0/1)#display ont optical-info 1 87
  Failure: The ONT does not exist

AQL-C_OLT_MA5600T(config-if-gpon-0/1)#

AQL-C_OLT_MA5600T(config-if-gpon-0/1)#display ont optical-info 1 88
  Failure: The ONT does not exist

AQL-C_OLT_MA5600T(config-if-gpon-0/1)#display ont optical-info 1 89
  Failure: The ONT does not exist

AQL-C_OLT_MA5600T(config-if-gpon-0/1)#display ont optical-info 1 90
  Failure: The ONT does not exist

AQL-C_OLT_MA5600T(config-if-gpon-0/1)#

AQL-C_OLT_MA5600T(config-if-gpon-0/1)#display ont optical-info 1 91
  Failure: The ONT does not exist

AQL-C_OLT_MA5600T(config-if-gpon-0/1)#display ont optical-info 1 92
  Failure: The ONT does not exist

AQL-C_OLT_MA5600T(config-if-gpon-0/1)#display ont optical-info 1 93
  Failure: The ONT does not exist

AQL-C_OLT_MA5600T(config-if-gpon-0/1)#display ont optical-info 1 94
  Failure: The ONT does not exist

AQL-C_OLT_MA5600T(config-if-gpon-0/1)#display ont optical-info 1 95
  Failure: The ONT does not exist

AQL-C_OLT_MA5600T(config-if-gpon-0/1)#

AQL-C_OLT_MA5600T(config-if-gpon-0/1)#display ont optical-info 1 96
  Failure: The ONT does not exist

AQL-C_OLT_MA5600T(config-if-gpon-0/1)#display ont optical-info 1 97
  Failure: The ONT does not exist

AQL-C_OLT_MA5600T(config-if-gpon-0/1)#

AQL-C_OLT_MA5600T(config-if-gpon-0/1)#display ont optical-info 1 98
  Failure: The ONT does not exist

AQL-C_OLT_MA5600T(config-if-gpon-0/1)#display ont optical-info 1 99
  Failure: The ONT does not exist

AQL-C_OLT_MA5600T(config-if-gpon-0/1)#

AQL-C_OLT_MA5600T(config-if-gpon-0/1)#display ont optical-info 1 100
  Failure: The ONT does not exist

AQL-C_OLT_MA5600T(config-if-gpon-0/1)#display ont optical-info 1 101
  Failure: The ONT does not exist

AQL-C_OLT_MA5600T(config-if-gpon-0/1)#

AQL-C_OLT_MA5600T(config-if-gpon-0/1)#display ont optical-info 1 102
  Failure: The ONT does not exist

AQL-C_OLT_MA5600T(config-if-gpon-0/1)#display ont optical-info 1 103
  Failure: The ONT does not exist

AQL-C_OLT_MA5600T(config-if-gpon-0/1)#display ont optical-info 1 104
  Failure: The ONT does not exist

AQL-C_OLT_MA5600T(config-if-gpon-0/1)#display ont optical-info 1 105
  Failure: The ONT does not exist

AQL-C_OLT_MA5600T(config-if-gpon-0/1)#display ont optical-info 1 106
  Failure: The ONT does not exist

AQL-C_OLT_MA5600T(config-if-gpon-0/1)#

AQL-C_OLT_MA5600T(config-if-gpon-0/1)#display ont optical-info 1 107
  Failure: The ONT does not exist

AQL-C_OLT_MA5600T(config-if-gpon-0/1)#display ont optical-info 1 108
  Failure: The ONT does not exist

AQL-C_OLT_MA5600T(config-if-gpon-0/1)#display ont optical-info 1 109
  Failure: The ONT does not exist

AQL-C_OLT_MA5600T(config-if-gpon-0/1)#display ont optical-info 1 110
  Failure: The ONT does not exist

AQL-C_OLT_MA5600T(config-if-gpon-0/1)#display ont optical-info 1 111
  Failure: The ONT does not exist

AQL-C_OLT_MA5600T(config-if-gpon-0/1)#

AQL-C_OLT_MA5600T(config-if-gpon-0/1)#display ont optical-info 1 112
  Failure: The ONT does not exist

AQL-C_OLT_MA5600T(config-if-gpon-0/1)#display ont optical-info 1 113
  Failure: The ONT does not exist

AQL-C_OLT_MA5600T(config-if-gpon-0/1)#display ont optical-info 1 114
  Failure: The ONT does not exist

AQL-C_OLT_MA5600T(config-if-gpon-0/1)#

AQL-C_OLT_MA5600T(config-if-gpon-0/1)#display ont optical-info 1 115
  Failure: The ONT does not exist

AQL-C_OLT_MA5600T(config-if-gpon-0/1)#display ont optical-info 1 116
  Failure: The ONT does not exist

AQL-C_OLT_MA5600T(config-if-gpon-0/1)#display ont optical-info 1 117
  Failure: The ONT does not exist

AQL-C_OLT_MA5600T(config-if-gpon-0/1)#display ont optical-info 1 118
  Failure: The ONT does not exist

AQL-C_OLT_MA5600T(config-if-gpon-0/1)#display ont optical-info 1 119
  Failure: The ONT does not exist

AQL-C_OLT_MA5600T(config-if-gpon-0/1)#display ont optical-info 1 120
  Failure: The ONT does not exist

AQL-C_OLT_MA5600T(config-if-gpon-0/1)#display ont optical-info 1 121
  Failure: The ONT does not exist

AQL-C_OLT_MA5600T(config-if-gpon-0/1)#display ont optical-info 1 122
  Failure: The ONT does not exist

AQL-C_OLT_MA5600T(config-if-gpon-0/1)#display ont optical-info 1 123
  Failure: The ONT does not exist

AQL-C_OLT_MA5600T(config-if-gpon-0/1)#

AQL-C_OLT_MA5600T(config-if-gpon-0/1)#display ont optical-info 1 124
  Failure: The ONT does not exist

AQL-C_OLT_MA5600T(config-if-gpon-0/1)#display ont optical-info 1 125
  Failure: The ONT does not exist

AQL-C_OLT_MA5600T(config-if-gpon-0/1)#

AQL-C_OLT_MA5600T(config-if-gpon-0/1)#display ont optical-info 1 126
  Failure: The ONT does not exist

AQL-C_OLT_MA5600T(config-if-gpon-0/1)#display ont optical-info 1 127
  Failure: The ONT does not exist

AQL-C_OLT_MA5600T(config-if-gpon-0/1)#display ont optical-info 2 0
  Failure: The ONT does not exist

AQL-C_OLT_MA5600T(config-if-gpon-0/1)#display ont optical-info 2 1
  Failure: The ONT is not online

AQL-C_OLT_MA5600T(config-if-gpon-0/1)#

AQL-C_OLT_MA5600T(config-if-gpon-0/1)#display ont optical-info 2 2
  Failure: The ONT does not exist

AQL-C_OLT_MA5600T(config-if-gpon-0/1)#

AQL-C_OLT_MA5600T(config-if-gpon-0/1)#display ont optical-info 2 3
  Failure: The ONT does not exist

AQL-C_OLT_MA5600T(config-if-gpon-0/1)#display ont optical-info 2 4
  Failure: The ONT does not exist

AQL-C_OLT_MA5600T(config-if-gpon-0/1)#display ont optical-info 2 5
  Failure: The ONT does not exist

AQL-C_OLT_MA5600T(config-if-gpon-0/1)#display ont optical-info 2 6
  Failure: The ONT does not exist

AQL-C_OLT_MA5600T(config-if-gpon-0/1)#

AQL-C_OLT_MA5600T(config-if-gpon-0/1)#display ont optical-info 2 7
  Failure: The ONT is not online

AQL-C_OLT_MA5600T(config-if-gpon-0/1)#display ont optical-info 2 8
  Failure: The ONT does not exist

AQL-C_OLT_MA5600T(config-if-gpon-0/1)#

AQL-C_OLT_MA5600T(config-if-gpon-0/1)#display ont optical-info 2 9
  Failure: The ONT is not online

AQL-C_OLT_MA5600T(config-if-gpon-0/1)#display ont optical-info 2 10
  Failure: The ONT is not online

AQL-C_OLT_MA5600T(config-if-gpon-0/1)#display ont optical-info 2 11
  Failure: The ONT is not online

AQL-C_OLT_MA5600T(config-if-gpon-0/1)#display ont optical-info 2 12
  Failure: The ONT is not online

AQL-C_OLT_MA5600T(config-if-gpon-0/1)#display ont optical-info 2 13
  Failure: The ONT is not online

AQL-C_OLT_MA5600T(config-if-gpon-0/1)#display ont optical-info 2 14
  Failure: The ONT does not exist

AQL-C_OLT_MA5600T(config-if-gpon-0/1)#display ont optical-info 2 15
  Failure: The ONT is not online

AQL-C_OLT_MA5600T(config-if-gpon-0/1)#

AQL-C_OLT_MA5600T(config-if-gpon-0/1)#display ont optical-info 2 16
  Failure: The ONT does not exist

AQL-C_OLT_MA5600T(config-if-gpon-0/1)#display ont optical-info 2 17
  Failure: The ONT is not online

AQL-C_OLT_MA5600T(config-if-gpon-0/1)#display ont optical-info 2 18
  Failure: The ONT is not online

AQL-C_OLT_MA5600T(config-if-gpon-0/1)#display ont optical-info 2 19
  Failure: The ONT is not online

AQL-C_OLT_MA5600T(config-if-gpon-0/1)#display ont optical-info 2 20
  Failure: The ONT is not online

AQL-C_OLT_MA5600T(config-if-gpon-0/1)#

AQL-C_OLT_MA5600T(config-if-gpon-0/1)#display ont optical-info 2 21
  Failure: The ONT is not online

AQL-C_OLT_MA5600T(config-if-gpon-0/1)#display ont optical-info 2 22
  Failure: The ONT is not online

AQL-C_OLT_MA5600T(config-if-gpon-0/1)#display ont optical-info 2 23
  Failure: The ONT is not online

AQL-C_OLT_MA5600T(config-if-gpon-0/1)#display ont optical-info 2 24
  Failure: The ONT is not online

AQL-C_OLT_MA5600T(config-if-gpon-0/1)#

AQL-C_OLT_MA5600T(config-if-gpon-0/1)#display ont optical-info 2 25
  Failure: The ONT is not online

AQL-C_OLT_MA5600T(config-if-gpon-0/1)#

AQL-C_OLT_MA5600T(config-if-gpon-0/1)#display ont optical-info 2 26
  Failure: The ONT is not online

AQL-C_OLT_MA5600T(config-if-gpon-0/1)#display ont optical-info 2 27
  Failure: The ONT is not online

AQL-C_OLT_MA5600T(config-if-gpon-0/1)#

AQL-C_OLT_MA5600T(config-if-gpon-0/1)#display ont optical-info 2 28
  Failure: The ONT is not online

AQL-C_OLT_MA5600T(config-if-gpon-0/1)#display ont optical-info 2 29
  Failure: The ONT is not online

AQL-C_OLT_MA5600T(config-if-gpon-0/1)#display ont optical-info 2 30
  Failure: The ONT does not exist

AQL-C_OLT_MA5600T(config-if-gpon-0/1)#

AQL-C_OLT_MA5600T(config-if-gpon-0/1)#display ont optical-info 2 31
  Failure: The ONT does not exist

AQL-C_OLT_MA5600T(config-if-gpon-0/1)#display ont optical-info 2 32
  Failure: The ONT does not exist

AQL-C_OLT_MA5600T(config-if-gpon-0/1)#

AQL-C_OLT_MA5600T(config-if-gpon-0/1)#display ont optical-info 2 33
  Failure: The ONT does not exist

AQL-C_OLT_MA5600T(config-if-gpon-0/1)#display ont optical-info 2 34
  Failure: The ONT does not exist

AQL-C_OLT_MA5600T(config-if-gpon-0/1)#display ont optical-info 2 35
  Failure: The ONT is not online

AQL-C_OLT_MA5600T(config-if-gpon-0/1)#

AQL-C_OLT_MA5600T(config-if-gpon-0/1)#display ont optical-info 2 36
  Failure: The ONT is not online

AQL-C_OLT_MA5600T(config-if-gpon-0/1)#display ont optical-info 2 37
  Failure: The ONT does not exist

AQL-C_OLT_MA5600T(config-if-gpon-0/1)#

AQL-C_OLT_MA5600T(config-if-gpon-0/1)#display ont optical-info 2 38
  Failure: The ONT does not exist

AQL-C_OLT_MA5600T(config-if-gpon-0/1)#

AQL-C_OLT_MA5600T(config-if-gpon-0/1)#display ont optical-info 2 39
  Failure: The ONT does not exist

AQL-C_OLT_MA5600T(config-if-gpon-0/1)#display ont optical-info 2 40
  Failure: The ONT does not exist

AQL-C_OLT_MA5600T(config-if-gpon-0/1)#display ont optical-info 2 41
  Failure: The ONT does not exist

AQL-C_OLT_MA5600T(config-if-gpon-0/1)#display ont optical-info 2 42
  Failure: The ONT does not exist

AQL-C_OLT_MA5600T(config-if-gpon-0/1)#

AQL-C_OLT_MA5600T(config-if-gpon-0/1)#display ont optical-info 2 43
  Failure: The ONT does not exist

AQL-C_OLT_MA5600T(config-if-gpon-0/1)#display ont optical-info 2 44
  Failure: The ONT does not exist

AQL-C_OLT_MA5600T(config-if-gpon-0/1)#display ont optical-info 2 45
  Failure: The ONT does not exist

AQL-C_OLT_MA5600T(config-if-gpon-0/1)#display ont optical-info 2 46
  Failure: The ONT does not exist

AQL-C_OLT_MA5600T(config-if-gpon-0/1)#display ont optical-info 2 47
  Failure: The ONT does not exist

AQL-C_OLT_MA5600T(config-if-gpon-0/1)#

AQL-C_OLT_MA5600T(config-if-gpon-0/1)#display ont optical-info 2 48
  Failure: The ONT does not exist

AQL-C_OLT_MA5600T(config-if-gpon-0/1)#display ont optical-info 2 49
  Failure: The ONT does not exist

AQL-C_OLT_MA5600T(config-if-gpon-0/1)#

AQL-C_OLT_MA5600T(config-if-gpon-0/1)#display ont optical-info 2 50
  Failure: The ONT does not exist

AQL-C_OLT_MA5600T(config-if-gpon-0/1)#display ont optical-info 2 51
  Failure: The ONT does not exist

AQL-C_OLT_MA5600T(config-if-gpon-0/1)#display ont optical-info 2 52
  Failure: The ONT does not exist

AQL-C_OLT_MA5600T(config-if-gpon-0/1)#display ont optical-info 2 53
  Failure: The ONT does not exist

AQL-C_OLT_MA5600T(config-if-gpon-0/1)#display ont optical-info 2 54
  Failure: The ONT does not exist

AQL-C_OLT_MA5600T(config-if-gpon-0/1)#display ont optical-info 2 55
  Failure: The ONT does not exist

AQL-C_OLT_MA5600T(config-if-gpon-0/1)#display ont optical-info 2 56
  Failure: The ONT does not exist

AQL-C_OLT_MA5600T(config-if-gpon-0/1)#display ont optical-info 2 57
  Failure: The ONT does not exist

AQL-C_OLT_MA5600T(config-if-gpon-0/1)#

AQL-C_OLT_MA5600T(config-if-gpon-0/1)#display ont optical-info 2 58
  Failure: The ONT does not exist

AQL-C_OLT_MA5600T(config-if-gpon-0/1)#display ont optical-info 2 59
  Failure: The ONT does not exist

AQL-C_OLT_MA5600T(config-if-gpon-0/1)#

AQL-C_OLT_MA5600T(config-if-gpon-0/1)#display ont optical-info 2 60
  Failure: The ONT does not exist

AQL-C_OLT_MA5600T(config-if-gpon-0/1)#display ont optical-info 2 61
  Failure: The ONT does not exist

AQL-C_OLT_MA5600T(config-if-gpon-0/1)#display ont optical-info 2 62
  Failure: The ONT is not online

AQL-C_OLT_MA5600T(config-if-gpon-0/1)#display ont optical-info 2 63
  Failure: The ONT is not online

AQL-C_OLT_MA5600T(config-if-gpon-0/1)#display ont optical-info 2 64
  Failure: The ONT does not exist

AQL-C_OLT_MA5600T(config-if-gpon-0/1)#

AQL-C_OLT_MA5600T(config-if-gpon-0/1)#display ont optical-info 2 65
  Failure: The ONT does not exist

AQL-C_OLT_MA5600T(config-if-gpon-0/1)#display ont optical-info 2 66
  Failure: The ONT does not exist

AQL-C_OLT_MA5600T(config-if-gpon-0/1)#display ont optical-info 2 67
  Failure: The ONT does not exist

AQL-C_OLT_MA5600T(config-if-gpon-0/1)#display ont optical-info 2 68
  Failure: The ONT does not exist

AQL-C_OLT_MA5600T(config-if-gpon-0/1)#display ont optical-info 2 69
  Failure: The ONT does not exist

AQL-C_OLT_MA5600T(config-if-gpon-0/1)#display ont optical-info 2 70
  Failure: The ONT does not exist

AQL-C_OLT_MA5600T(config-if-gpon-0/1)#display ont optical-info 2 71
  Failure: The ONT does not exist

AQL-C_OLT_MA5600T(config-if-gpon-0/1)#display ont optical-info 2 72
  Failure: The ONT does not exist

AQL-C_OLT_MA5600T(config-if-gpon-0/1)#

AQL-C_OLT_MA5600T(config-if-gpon-0/1)#display ont optical-info 2 73
  Failure: The ONT does not exist

AQL-C_OLT_MA5600T(config-if-gpon-0/1)#

AQL-C_OLT_MA5600T(config-if-gpon-0/1)#display ont optical-info 2 74
  Failure: The ONT does not exist

AQL-C_OLT_MA5600T(config-if-gpon-0/1)#display ont optical-info 2 75
  Failure: The ONT does not exist

AQL-C_OLT_MA5600T(config-if-gpon-0/1)#display ont optical-info 2 76
  Failure: The ONT does not exist

AQL-C_OLT_MA5600T(config-if-gpon-0/1)#display ont optical-info 2 77
  Failure: The ONT does not exist

AQL-C_OLT_MA5600T(config-if-gpon-0/1)#display ont optical-info 2 78
  Failure: The ONT does not exist

AQL-C_OLT_MA5600T(config-if-gpon-0/1)#display ont optical-info 2 79
  Failure: The ONT does not exist

AQL-C_OLT_MA5600T(config-if-gpon-0/1)#

AQL-C_OLT_MA5600T(config-if-gpon-0/1)#display ont optical-info 2 80
  Failure: The ONT does not exist

AQL-C_OLT_MA5600T(config-if-gpon-0/1)#display ont optical-info 2 81
  Failure: The ONT does not exist

AQL-C_OLT_MA5600T(config-if-gpon-0/1)#

AQL-C_OLT_MA5600T(config-if-gpon-0/1)#display ont optical-info 2 82
  Failure: The ONT does not exist

AQL-C_OLT_MA5600T(config-if-gpon-0/1)#display ont optical-info 2 83
  Failure: The ONT does not exist

AQL-C_OLT_MA5600T(config-if-gpon-0/1)#display ont optical-info 2 84
  Failure: The ONT does not exist

AQL-C_OLT_MA5600T(config-if-gpon-0/1)#

AQL-C_OLT_MA5600T(config-if-gpon-0/1)#display ont optical-info 2 85
  Failure: The ONT does not exist

AQL-C_OLT_MA5600T(config-if-gpon-0/1)#display ont optical-info 2 86
  Failure: The ONT does not exist

AQL-C_OLT_MA5600T(config-if-gpon-0/1)#

AQL-C_OLT_MA5600T(config-if-gpon-0/1)#display ont optical-info 2 87
  Failure: The ONT does not exist

AQL-C_OLT_MA5600T(config-if-gpon-0/1)#display ont optical-info 2 88
  Failure: The ONT does not exist

AQL-C_OLT_MA5600T(config-if-gpon-0/1)#display ont optical-info 2 89
  Failure: The ONT does not exist

AQL-C_OLT_MA5600T(config-if-gpon-0/1)#display ont optical-info 2 90
  Failure: The ONT does not exist

AQL-C_OLT_MA5600T(config-if-gpon-0/1)#

AQL-C_OLT_MA5600T(config-if-gpon-0/1)#display ont optical-info 2 91
  Failure: The ONT does not exist

AQL-C_OLT_MA5600T(config-if-gpon-0/1)#

AQL-C_OLT_MA5600T(config-if-gpon-0/1)#display ont optical-info 2 92
  Failure: The ONT does not exist

AQL-C_OLT_MA5600T(config-if-gpon-0/1)#display ont optical-info 2 93
  Failure: The ONT does not exist

AQL-C_OLT_MA5600T(config-if-gpon-0/1)#display ont optical-info 2 94
  Failure: The ONT does not exist

AQL-C_OLT_MA5600T(config-if-gpon-0/1)#display ont optical-info 2 95
  Failure: The ONT does not exist

AQL-C_OLT_MA5600T(config-if-gpon-0/1)#display ont optical-info 2 96
  Failure: The ONT does not exist

AQL-C_OLT_MA5600T(config-if-gpon-0/1)#

AQL-C_OLT_MA5600T(config-if-gpon-0/1)#display ont optical-info 2 97
  Failure: The ONT does not exist

AQL-C_OLT_MA5600T(config-if-gpon-0/1)#display ont optical-info 2 98
  Failure: The ONT does not exist

AQL-C_OLT_MA5600T(config-if-gpon-0/1)#

AQL-C_OLT_MA5600T(config-if-gpon-0/1)#display ont optical-info 2 99
  Failure: The ONT does not exist

AQL-C_OLT_MA5600T(config-if-gpon-0/1)#display ont optical-info 2 100
  Failure: The ONT does not exist

AQL-C_OLT_MA5600T(config-if-gpon-0/1)#

AQL-C_OLT_MA5600T(config-if-gpon-0/1)#display ont optical-info 2 101
  Failure: The ONT does not exist

AQL-C_OLT_MA5600T(config-if-gpon-0/1)#display ont optical-info 2 102
  Failure: The ONT does not exist

AQL-C_OLT_MA5600T(config-if-gpon-0/1)#display ont optical-info 2 103
  Failure: The ONT does not exist

AQL-C_OLT_MA5600T(config-if-gpon-0/1)#display ont optical-info 2 104
  Failure: The ONT does not exist

AQL-C_OLT_MA5600T(config-if-gpon-0/1)#display ont optical-info 2 105
  Failure: The ONT does not exist

AQL-C_OLT_MA5600T(config-if-gpon-0/1)#display ont optical-info 2 106
  Failure: The ONT does not exist

AQL-C_OLT_MA5600T(config-if-gpon-0/1)#

AQL-C_OLT_MA5600T(config-if-gpon-0/1)#display ont optical-info 2 107
  Failure: The ONT does not exist

AQL-C_OLT_MA5600T(config-if-gpon-0/1)#display ont optical-info 2 108
  Failure: The ONT does not exist

AQL-C_OLT_MA5600T(config-if-gpon-0/1)#display ont optical-info 2 109
  Failure: The ONT does not exist

AQL-C_OLT_MA5600T(config-if-gpon-0/1)#

AQL-C_OLT_MA5600T(config-if-gpon-0/1)#display ont optical-info 2 110
  Failure: The ONT does not exist

AQL-C_OLT_MA5600T(config-if-gpon-0/1)#display ont optical-info 2 111
  Failure: The ONT does not exist

AQL-C_OLT_MA5600T(config-if-gpon-0/1)#

AQL-C_OLT_MA5600T(config-if-gpon-0/1)#display ont optical-info 2 112
  Failure: The ONT does not exist

AQL-C_OLT_MA5600T(config-if-gpon-0/1)#display ont optical-info 2 113
  Failure: The ONT does not exist

AQL-C_OLT_MA5600T(config-if-gpon-0/1)#display ont optical-info 2 114
  Failure: The ONT does not exist

AQL-C_OLT_MA5600T(config-if-gpon-0/1)#

AQL-C_OLT_MA5600T(config-if-gpon-0/1)#display ont optical-info 2 115
  Failure: The ONT does not exist

AQL-C_OLT_MA5600T(config-if-gpon-0/1)#display ont optical-info 2 116
  Failure: The ONT does not exist

AQL-C_OLT_MA5600T(config-if-gpon-0/1)#

AQL-C_OLT_MA5600T(config-if-gpon-0/1)#display ont optical-info 2 117
  Failure: The ONT does not exist

AQL-C_OLT_MA5600T(config-if-gpon-0/1)#display ont optical-info 2 118
  Failure: The ONT does not exist

AQL-C_OLT_MA5600T(config-if-gpon-0/1)#display ont optical-info 2 119
  Failure: The ONT does not exist

AQL-C_OLT_MA5600T(config-if-gpon-0/1)#

AQL-C_OLT_MA5600T(config-if-gpon-0/1)#display ont optical-info 2 120
  Failure: The ONT does not exist

AQL-C_OLT_MA5600T(config-if-gpon-0/1)#display ont optical-info 2 121
  Failure: The ONT does not exist

AQL-C_OLT_MA5600T(config-if-gpon-0/1)#display ont optical-info 2 122
  Failure: The ONT does not exist

AQL-C_OLT_MA5600T(config-if-gpon-0/1)#display ont optical-info 2 123
  Failure: The ONT does not exist

AQL-C_OLT_MA5600T(config-if-gpon-0/1)#

AQL-C_OLT_MA5600T(config-if-gpon-0/1)#display ont optical-info 2 124
  Failure: The ONT does not exist

AQL-C_OLT_MA5600T(config-if-gpon-0/1)#display ont optical-info 2 125
  Failure: The ONT does not exist

AQL-C_OLT_MA5600T(config-if-gpon-0/1)#display ont optical-info 2 126
  Failure: The ONT does not exist

AQL-C_OLT_MA5600T(config-if-gpon-0/1)#display ont optical-info 2 127
  Failure: The ONT does not exist

AQL-C_OLT_MA5600T(config-if-gpon-0/1)#display ont optical-info 3 0
  Failure: The ONT is not online

AQL-C_OLT_MA5600T(config-if-gpon-0/1)#display ont optical-info 3 1
  Failure: The ONT is not online

AQL-C_OLT_MA5600T(config-if-gpon-0/1)#

AQL-C_OLT_MA5600T(config-if-gpon-0/1)#display ont optical-info 3 2
  Failure: The ONT is not online

AQL-C_OLT_MA5600T(config-if-gpon-0/1)#display ont optical-info 3 3
  Failure: The ONT is not online

AQL-C_OLT_MA5600T(config-if-gpon-0/1)#display ont optical-info 3 4
  Failure: The ONT is not online

AQL-C_OLT_MA5600T(config-if-gpon-0/1)#display ont optical-info 3 5
  Failure: The ONT is not online

AQL-C_OLT_MA5600T(config-if-gpon-0/1)#display ont optical-info 3 6
  Failure: The ONT is not online

AQL-C_OLT_MA5600T(config-if-gpon-0/1)#

AQL-C_OLT_MA5600T(config-if-gpon-0/1)#display ont optical-info 3 7
  Failure: The ONT is not online

AQL-C_OLT_MA5600T(config-if-gpon-0/1)#display ont optical-info 3 8
  Failure: The ONT is not online

AQL-C_OLT_MA5600T(config-if-gpon-0/1)#display ont optical-info 3 9
  Failure: The ONT is not online

AQL-C_OLT_MA5600T(config-if-gpon-0/1)#display ont optical-info 3 10
  Failure: The ONT is not online

AQL-C_OLT_MA5600T(config-if-gpon-0/1)#display ont optical-info 3 11
  Failure: The ONT is not online

AQL-C_OLT_MA5600T(config-if-gpon-0/1)#display ont optical-info 3 12
  Failure: The ONT is not online

AQL-C_OLT_MA5600T(config-if-gpon-0/1)#display ont optical-info 3 13
  Failure: The ONT is not online

AQL-C_OLT_MA5600T(config-if-gpon-0/1)#

AQL-C_OLT_MA5600T(config-if-gpon-0/1)#display ont optical-info 3 14
  Failure: The ONT is not online

AQL-C_OLT_MA5600T(config-if-gpon-0/1)#display ont optical-info 3 15
  Failure: The ONT is not online

AQL-C_OLT_MA5600T(config-if-gpon-0/1)#display ont optical-info 3 16
  Failure: The ONT is not online

AQL-C_OLT_MA5600T(config-if-gpon-0/1)#display ont optical-info 3 17
  Failure: The ONT is not online

AQL-C_OLT_MA5600T(config-if-gpon-0/1)#display ont optical-info 3 18
  Failure: The ONT is not online

AQL-C_OLT_MA5600T(config-if-gpon-0/1)#

AQL-C_OLT_MA5600T(config-if-gpon-0/1)#display ont optical-info 3 19
  Failure: The ONT is not online

AQL-C_OLT_MA5600T(config-if-gpon-0/1)#display ont optical-info 3 20
  Failure: The ONT is not online

AQL-C_OLT_MA5600T(config-if-gpon-0/1)#display ont optical-info 3 21
  Failure: The ONT is not online

AQL-C_OLT_MA5600T(config-if-gpon-0/1)#display ont optical-info 3 22
  Failure: The ONT is not online

AQL-C_OLT_MA5600T(config-if-gpon-0/1)#display ont optical-info 3 23
  Failure: The ONT is not online

AQL-C_OLT_MA5600T(config-if-gpon-0/1)#

AQL-C_OLT_MA5600T(config-if-gpon-0/1)#display ont optical-info 3 24
  Failure: The ONT does not exist

AQL-C_OLT_MA5600T(config-if-gpon-0/1)#display ont optical-info 3 25
  Failure: The ONT is not online

AQL-C_OLT_MA5600T(config-if-gpon-0/1)#display ont optical-info 3 26
  Failure: The ONT does not exist

AQL-C_OLT_MA5600T(config-if-gpon-0/1)#display ont optical-info 3 27
  Failure: The ONT does not exist

AQL-C_OLT_MA5600T(config-if-gpon-0/1)#display ont optical-info 3 28
  Failure: The ONT does not exist

AQL-C_OLT_MA5600T(config-if-gpon-0/1)#display ont optical-info 3 29
  Failure: The ONT does not exist

AQL-C_OLT_MA5600T(config-if-gpon-0/1)#display ont optical-info 3 30
  Failure: The ONT does not exist

AQL-C_OLT_MA5600T(config-if-gpon-0/1)#

AQL-C_OLT_MA5600T(config-if-gpon-0/1)#display ont optical-info 3 31
  Failure: The ONT does not exist

AQL-C_OLT_MA5600T(config-if-gpon-0/1)#display ont optical-info 3 32
  Failure: The ONT does not exist

AQL-C_OLT_MA5600T(config-if-gpon-0/1)#display ont optical-info 3 33
  Failure: The ONT does not exist

AQL-C_OLT_MA5600T(config-if-gpon-0/1)#display ont optical-info 3 34
  Failure: The ONT does not exist

AQL-C_OLT_MA5600T(config-if-gpon-0/1)#

AQL-C_OLT_MA5600T(config-if-gpon-0/1)#display ont optical-info 3 35
  Failure: The ONT does not exist

AQL-C_OLT_MA5600T(config-if-gpon-0/1)#display ont optical-info 3 36
  Failure: The ONT does not exist

AQL-C_OLT_MA5600T(config-if-gpon-0/1)#display ont optical-info 3 37
  Failure: The ONT does not exist

AQL-C_OLT_MA5600T(config-if-gpon-0/1)#

AQL-C_OLT_MA5600T(config-if-gpon-0/1)#display ont optical-info 3 38
  Failure: The ONT does not exist

AQL-C_OLT_MA5600T(config-if-gpon-0/1)#display ont optical-info 3 39
  Failure: The ONT does not exist

AQL-C_OLT_MA5600T(config-if-gpon-0/1)#

AQL-C_OLT_MA5600T(config-if-gpon-0/1)#display ont optical-info 3 40
  Failure: The ONT does not exist

AQL-C_OLT_MA5600T(config-if-gpon-0/1)#display ont optical-info 3 41
  Failure: The ONT does not exist

AQL-C_OLT_MA5600T(config-if-gpon-0/1)#display ont optical-info 3 42
  Failure: The ONT does not exist

AQL-C_OLT_MA5600T(config-if-gpon-0/1)#display ont optical-info 3 43
  Failure: The ONT does not exist

AQL-C_OLT_MA5600T(config-if-gpon-0/1)#display ont optical-info 3 44
  Failure: The ONT does not exist

AQL-C_OLT_MA5600T(config-if-gpon-0/1)#display ont optical-info 3 45
  Failure: The ONT does not exist

AQL-C_OLT_MA5600T(config-if-gpon-0/1)#display ont optical-info 3 46
  Failure: The ONT does not exist

AQL-C_OLT_MA5600T(config-if-gpon-0/1)#display ont optical-info 3 47
  Failure: The ONT does not exist

AQL-C_OLT_MA5600T(config-if-gpon-0/1)#display ont optical-info 3 48
  Failure: The ONT does not exist

AQL-C_OLT_MA5600T(config-if-gpon-0/1)#

AQL-C_OLT_MA5600T(config-if-gpon-0/1)#display ont optical-info 3 49
  Failure: The ONT does not exist

AQL-C_OLT_MA5600T(config-if-gpon-0/1)#display ont optical-info 3 50
  Failure: The ONT does not exist

AQL-C_OLT_MA5600T(config-if-gpon-0/1)#display ont optical-info 3 51
  Failure: The ONT does not exist

AQL-C_OLT_MA5600T(config-if-gpon-0/1)#display ont optical-info 3 52
  Failure: The ONT does not exist

AQL-C_OLT_MA5600T(config-if-gpon-0/1)#display ont optical-info 3 53
  Failure: The ONT does not exist

AQL-C_OLT_MA5600T(config-if-gpon-0/1)#

AQL-C_OLT_MA5600T(config-if-gpon-0/1)#display ont optical-info 3 54
  Failure: The ONT does not exist

AQL-C_OLT_MA5600T(config-if-gpon-0/1)#display ont optical-info 3 55
  Failure: The ONT does not exist

AQL-C_OLT_MA5600T(config-if-gpon-0/1)#

AQL-C_OLT_MA5600T(config-if-gpon-0/1)#display ont optical-info 3 56
  Failure: The ONT does not exist

AQL-C_OLT_MA5600T(config-if-gpon-0/1)#display ont optical-info 3 57
  Failure: The ONT does not exist

AQL-C_OLT_MA5600T(config-if-gpon-0/1)#display ont optical-info 3 58
  Failure: The ONT does not exist

AQL-C_OLT_MA5600T(config-if-gpon-0/1)#

AQL-C_OLT_MA5600T(config-if-gpon-0/1)#display ont optical-info 3 59
  Failure: The ONT does not exist

AQL-C_OLT_MA5600T(config-if-gpon-0/1)#display ont optical-info 3 60
  Failure: The ONT does not exist

AQL-C_OLT_MA5600T(config-if-gpon-0/1)#display ont optical-info 3 61
  Failure: The ONT does not exist

AQL-C_OLT_MA5600T(config-if-gpon-0/1)#display ont optical-info 3 62
  Failure: The ONT does not exist

AQL-C_OLT_MA5600T(config-if-gpon-0/1)#display ont optical-info 3 63
  Failure: The ONT is not online

AQL-C_OLT_MA5600T(config-if-gpon-0/1)#display ont optical-info 3 64
  Failure: The ONT does not exist

AQL-C_OLT_MA5600T(config-if-gpon-0/1)#display ont optical-info 3 65
  Failure: The ONT does not exist

AQL-C_OLT_MA5600T(config-if-gpon-0/1)#display ont optical-info 3 66
  Failure: The ONT does not exist

AQL-C_OLT_MA5600T(config-if-gpon-0/1)#display ont optical-info 3 67
  Failure: The ONT does not exist

AQL-C_OLT_MA5600T(config-if-gpon-0/1)#

AQL-C_OLT_MA5600T(config-if-gpon-0/1)#display ont optical-info 3 68
  Failure: The ONT does not exist

AQL-C_OLT_MA5600T(config-if-gpon-0/1)#display ont optical-info 3 69
  Failure: The ONT does not exist

AQL-C_OLT_MA5600T(config-if-gpon-0/1)#display ont optical-info 3 70
  Failure: The ONT does not exist

AQL-C_OLT_MA5600T(config-if-gpon-0/1)#

AQL-C_OLT_MA5600T(config-if-gpon-0/1)#display ont optical-info 3 71
  Failure: The ONT does not exist

AQL-C_OLT_MA5600T(config-if-gpon-0/1)#display ont optical-info 3 72
  Failure: The ONT does not exist

AQL-C_OLT_MA5600T(config-if-gpon-0/1)#display ont optical-info 3 73
  Failure: The ONT does not exist

AQL-C_OLT_MA5600T(config-if-gpon-0/1)#display ont optical-info 3 74
  Failure: The ONT does not exist

AQL-C_OLT_MA5600T(config-if-gpon-0/1)#display ont optical-info 3 75
  Failure: The ONT does not exist

AQL-C_OLT_MA5600T(config-if-gpon-0/1)#

AQL-C_OLT_MA5600T(config-if-gpon-0/1)#display ont optical-info 3 76
  Failure: The ONT does not exist

AQL-C_OLT_MA5600T(config-if-gpon-0/1)#display ont optical-info 3 77
  Failure: The ONT does not exist

AQL-C_OLT_MA5600T(config-if-gpon-0/1)#display ont optical-info 3 78
  Failure: The ONT does not exist

AQL-C_OLT_MA5600T(config-if-gpon-0/1)#display ont optical-info 3 79
  Failure: The ONT does not exist

AQL-C_OLT_MA5600T(config-if-gpon-0/1)#display ont optical-info 3 80
  Failure: The ONT does not exist

AQL-C_OLT_MA5600T(config-if-gpon-0/1)#

AQL-C_OLT_MA5600T(config-if-gpon-0/1)#display ont optical-info 3 81
  Failure: The ONT does not exist

AQL-C_OLT_MA5600T(config-if-gpon-0/1)#display ont optical-info 3 82
  Failure: The ONT does not exist

AQL-C_OLT_MA5600T(config-if-gpon-0/1)#

AQL-C_OLT_MA5600T(config-if-gpon-0/1)#display ont optical-info 3 83
  Failure: The ONT does not exist

AQL-C_OLT_MA5600T(config-if-gpon-0/1)#display ont optical-info 3 84
  Failure: The ONT does not exist

AQL-C_OLT_MA5600T(config-if-gpon-0/1)#

AQL-C_OLT_MA5600T(config-if-gpon-0/1)#display ont optical-info 3 85
  Failure: The ONT does not exist

AQL-C_OLT_MA5600T(config-if-gpon-0/1)#display ont optical-info 3 86
  Failure: The ONT does not exist

AQL-C_OLT_MA5600T(config-if-gpon-0/1)#display ont optical-info 3 87
  Failure: The ONT does not exist

AQL-C_OLT_MA5600T(config-if-gpon-0/1)#

AQL-C_OLT_MA5600T(config-if-gpon-0/1)#display ont optical-info 3 88
  Failure: The ONT does not exist

AQL-C_OLT_MA5600T(config-if-gpon-0/1)#display ont optical-info 3 89
  Failure: The ONT does not exist

AQL-C_OLT_MA5600T(config-if-gpon-0/1)#display ont optical-info 3 90
  Failure: The ONT does not exist

AQL-C_OLT_MA5600T(config-if-gpon-0/1)#display ont optical-info 3 91
  Failure: The ONT does not exist

AQL-C_OLT_MA5600T(config-if-gpon-0/1)#display ont optical-info 3 92
  Failure: The ONT does not exist

AQL-C_OLT_MA5600T(config-if-gpon-0/1)#

AQL-C_OLT_MA5600T(config-if-gpon-0/1)#display ont optical-info 3 93
  Failure: The ONT does not exist

AQL-C_OLT_MA5600T(config-if-gpon-0/1)#display ont optical-info 3 94
  Failure: The ONT does not exist

AQL-C_OLT_MA5600T(config-if-gpon-0/1)#display ont optical-info 3 95
  Failure: The ONT does not exist

AQL-C_OLT_MA5600T(config-if-gpon-0/1)#display ont optical-info 3 96
  Failure: The ONT does not exist

AQL-C_OLT_MA5600T(config-if-gpon-0/1)#display ont optical-info 3 97
  Failure: The ONT does not exist

AQL-C_OLT_MA5600T(config-if-gpon-0/1)#display ont optical-info 3 98
  Failure: The ONT does not exist

AQL-C_OLT_MA5600T(config-if-gpon-0/1)#

AQL-C_OLT_MA5600T(config-if-gpon-0/1)#display ont optical-info 3 99
  Failure: The ONT does not exist

AQL-C_OLT_MA5600T(config-if-gpon-0/1)#display ont optical-info 3 100
  Failure: The ONT does not exist

AQL-C_OLT_MA5600T(config-if-gpon-0/1)#display ont optical-info 3 101
  Failure: The ONT does not exist

AQL-C_OLT_MA5600T(config-if-gpon-0/1)#display ont optical-info 3 102
  Failure: The ONT does not exist

AQL-C_OLT_MA5600T(config-if-gpon-0/1)#display ont optical-info 3 103
  Failure: The ONT does not exist

AQL-C_OLT_MA5600T(config-if-gpon-0/1)#display ont optical-info 3 104
  Failure: The ONT does not exist

AQL-C_OLT_MA5600T(config-if-gpon-0/1)#display ont optical-info 3 105
  Failure: The ONT does not exist

AQL-C_OLT_MA5600T(config-if-gpon-0/1)#

AQL-C_OLT_MA5600T(config-if-gpon-0/1)#display ont optical-info 3 106
  Failure: The ONT does not exist

AQL-C_OLT_MA5600T(config-if-gpon-0/1)#display ont optical-info 3 107
  Failure: The ONT does not exist

AQL-C_OLT_MA5600T(config-if-gpon-0/1)#

AQL-C_OLT_MA5600T(config-if-gpon-0/1)#display ont optical-info 3 108
  Failure: The ONT does not exist

AQL-C_OLT_MA5600T(config-if-gpon-0/1)#display ont optical-info 3 109
  Failure: The ONT does not exist

AQL-C_OLT_MA5600T(config-if-gpon-0/1)#

AQL-C_OLT_MA5600T(config-if-gpon-0/1)#display ont optical-info 3 110
  Failure: The ONT does not exist

AQL-C_OLT_MA5600T(config-if-gpon-0/1)#display ont optical-info 3 111
  Failure: The ONT does not exist

AQL-C_OLT_MA5600T(config-if-gpon-0/1)#display ont optical-info 3 112
  Failure: The ONT does not exist

AQL-C_OLT_MA5600T(config-if-gpon-0/1)#display ont optical-info 3 113
  Failure: The ONT does not exist

AQL-C_OLT_MA5600T(config-if-gpon-0/1)#display ont optical-info 3 114
  Failure: The ONT does not exist

AQL-C_OLT_MA5600T(config-if-gpon-0/1)#display ont optical-info 3 115
  Failure: The ONT does not exist

AQL-C_OLT_MA5600T(config-if-gpon-0/1)#display ont optical-info 3 116
  Failure: The ONT does not exist

AQL-C_OLT_MA5600T(config-if-gpon-0/1)#display ont optical-info 3 117
  Failure: The ONT does not exist

AQL-C_OLT_MA5600T(config-if-gpon-0/1)#display ont optical-info 3 118
  Failure: The ONT does not exist

AQL-C_OLT_MA5600T(config-if-gpon-0/1)#display ont optical-info 3 119
  Failure: The ONT does not exist

AQL-C_OLT_MA5600T(config-if-gpon-0/1)#

AQL-C_OLT_MA5600T(config-if-gpon-0/1)#display ont optical-info 3 120
  Failure: The ONT does not exist

AQL-C_OLT_MA5600T(config-if-gpon-0/1)#display ont optical-info 3 121
  Failure: The ONT does not exist

AQL-C_OLT_MA5600T(config-if-gpon-0/1)#display ont optical-info 3 122
  Failure: The ONT does not exist

AQL-C_OLT_MA5600T(config-if-gpon-0/1)#display ont optical-info 3 123
  Failure: The ONT does not exist

AQL-C_OLT_MA5600T(config-if-gpon-0/1)#display ont optical-info 3 124
  Failure: The ONT does not exist

AQL-C_OLT_MA5600T(config-if-gpon-0/1)#display ont optical-info 3 125
  Failure: The ONT does not exist

AQL-C_OLT_MA5600T(config-if-gpon-0/1)#display ont optical-info 3 126
  Failure: The ONT does not exist

AQL-C_OLT_MA5600T(config-if-gpon-0/1)#display ont optical-info 3 127
  Failure: The ONT does not exist

AQL-C_OLT_MA5600T(config-if-gpon-0/1)#display ont optical-info 4 0
  Failure: The ONT does not exist

AQL-C_OLT_MA5600T(config-if-gpon-0/1)#display ont optical-info 4 1
  Failure: The ONT does not exist

AQL-C_OLT_MA5600T(config-if-gpon-0/1)#display ont optical-info 4 2
  Failure: The ONT does not exist

AQL-C_OLT_MA5600T(config-if-gpon-0/1)#display ont optical-info 4 3
  Failure: The ONT does not exist

AQL-C_OLT_MA5600T(config-if-gpon-0/1)#display ont optical-info 4 4
  Failure: The ONT does not exist

AQL-C_OLT_MA5600T(config-if-gpon-0/1)#

AQL-C_OLT_MA5600T(config-if-gpon-0/1)#display ont optical-info 4 5
  Failure: The ONT does not exist

AQL-C_OLT_MA5600T(config-if-gpon-0/1)#display ont optical-info 4 6
  Failure: The ONT does not exist

AQL-C_OLT_MA5600T(config-if-gpon-0/1)#display ont optical-info 4 7
  Failure: The ONT does not exist

AQL-C_OLT_MA5600T(config-if-gpon-0/1)#

AQL-C_OLT_MA5600T(config-if-gpon-0/1)#display ont optical-info 4 8
  Failure: The ONT does not exist

AQL-C_OLT_MA5600T(config-if-gpon-0/1)#display ont optical-info 4 9
  Failure: The ONT does not exist

AQL-C_OLT_MA5600T(config-if-gpon-0/1)#display ont optical-info 4 10
  Failure: The ONT does not exist

AQL-C_OLT_MA5600T(config-if-gpon-0/1)#display ont optical-info 4 11
  Failure: The ONT does not exist

AQL-C_OLT_MA5600T(config-if-gpon-0/1)#

AQL-C_OLT_MA5600T(config-if-gpon-0/1)#display ont optical-info 4 12
  Failure: The ONT does not exist

AQL-C_OLT_MA5600T(config-if-gpon-0/1)#display ont optical-info 4 13
  Failure: The ONT does not exist

AQL-C_OLT_MA5600T(config-if-gpon-0/1)#

AQL-C_OLT_MA5600T(config-if-gpon-0/1)#display ont optical-info 4 14
  Failure: The ONT does not exist

AQL-C_OLT_MA5600T(config-if-gpon-0/1)#display ont optical-info 4 15
  Failure: The ONT does not exist

AQL-C_OLT_MA5600T(config-if-gpon-0/1)#display ont optical-info 4 16
  Failure: The ONT does not exist

AQL-C_OLT_MA5600T(config-if-gpon-0/1)#

AQL-C_OLT_MA5600T(config-if-gpon-0/1)#display ont optical-info 4 17
  Failure: The ONT does not exist

AQL-C_OLT_MA5600T(config-if-gpon-0/1)#display ont optical-info 4 18
  Failure: The ONT does not exist

AQL-C_OLT_MA5600T(config-if-gpon-0/1)#display ont optical-info 4 19
  Failure: The ONT does not exist

AQL-C_OLT_MA5600T(config-if-gpon-0/1)#display ont optical-info 4 20
  Failure: The ONT does not exist

AQL-C_OLT_MA5600T(config-if-gpon-0/1)#

AQL-C_OLT_MA5600T(config-if-gpon-0/1)#display ont optical-info 4 21
  Failure: The ONT does not exist

AQL-C_OLT_MA5600T(config-if-gpon-0/1)#

AQL-C_OLT_MA5600T(config-if-gpon-0/1)#display ont optical-info 4 22
  Failure: The ONT does not exist

AQL-C_OLT_MA5600T(config-if-gpon-0/1)#display ont optical-info 4 23
  Failure: The ONT does not exist

AQL-C_OLT_MA5600T(config-if-gpon-0/1)#

AQL-C_OLT_MA5600T(config-if-gpon-0/1)#display ont optical-info 4 24
  Failure: The ONT does not exist

AQL-C_OLT_MA5600T(config-if-gpon-0/1)#display ont optical-info 4 25
  Failure: The ONT does not exist

AQL-C_OLT_MA5600T(config-if-gpon-0/1)#display ont optical-info 4 26
  Failure: The ONT does not exist

AQL-C_OLT_MA5600T(config-if-gpon-0/1)#

AQL-C_OLT_MA5600T(config-if-gpon-0/1)#display ont optical-info 4 27
  Failure: The ONT does not exist

AQL-C_OLT_MA5600T(config-if-gpon-0/1)#display ont optical-info 4 28
  Failure: The ONT does not exist

AQL-C_OLT_MA5600T(config-if-gpon-0/1)#display ont optical-info 4 29
  Failure: The ONT does not exist

AQL-C_OLT_MA5600T(config-if-gpon-0/1)#display ont optical-info 4 30
  Failure: The ONT does not exist

AQL-C_OLT_MA5600T(config-if-gpon-0/1)#display ont optical-info 4 31
  Failure: The ONT does not exist

AQL-C_OLT_MA5600T(config-if-gpon-0/1)#

AQL-C_OLT_MA5600T(config-if-gpon-0/1)#display ont optical-info 4 32
  Failure: The ONT does not exist

AQL-C_OLT_MA5600T(config-if-gpon-0/1)#

AQL-C_OLT_MA5600T(config-if-gpon-0/1)#display ont optical-info 4 33
  Failure: The ONT does not exist

AQL-C_OLT_MA5600T(config-if-gpon-0/1)#

AQL-C_OLT_MA5600T(config-if-gpon-0/1)#display ont optical-info 4 34
  Failure: The ONT does not exist

AQL-C_OLT_MA5600T(config-if-gpon-0/1)#display ont optical-info 4 35
  Failure: The ONT does not exist

AQL-C_OLT_MA5600T(config-if-gpon-0/1)#

AQL-C_OLT_MA5600T(config-if-gpon-0/1)#display ont optical-info 4 36
  Failure: The ONT does not exist

AQL-C_OLT_MA5600T(config-if-gpon-0/1)#

AQL-C_OLT_MA5600T(config-if-gpon-0/1)#display ont optical-info 4 37
  Failure: The ONT does not exist

AQL-C_OLT_MA5600T(config-if-gpon-0/1)#display ont optical-info 4 38
  Failure: The ONT does not exist

AQL-C_OLT_MA5600T(config-if-gpon-0/1)#display ont optical-info 4 39
  Failure: The ONT does not exist

AQL-C_OLT_MA5600T(config-if-gpon-0/1)#display ont optical-info 4 40
  Failure: The ONT does not exist

AQL-C_OLT_MA5600T(config-if-gpon-0/1)#display ont optical-info 4 41
  Failure: The ONT does not exist

AQL-C_OLT_MA5600T(config-if-gpon-0/1)#display ont optical-info 4 42
  Failure: The ONT does not exist

AQL-C_OLT_MA5600T(config-if-gpon-0/1)#

AQL-C_OLT_MA5600T(config-if-gpon-0/1)#display ont optical-info 4 43
  Failure: The ONT does not exist

AQL-C_OLT_MA5600T(config-if-gpon-0/1)#display ont optical-info 4 44
  Failure: The ONT does not exist

AQL-C_OLT_MA5600T(config-if-gpon-0/1)#

AQL-C_OLT_MA5600T(config-if-gpon-0/1)#display ont optical-info 4 45
  Failure: The ONT does not exist

AQL-C_OLT_MA5600T(config-if-gpon-0/1)#display ont optical-info 4 46
  Failure: The ONT does not exist

AQL-C_OLT_MA5600T(config-if-gpon-0/1)#display ont optical-info 4 47
  Failure: The ONT does not exist

AQL-C_OLT_MA5600T(config-if-gpon-0/1)#

AQL-C_OLT_MA5600T(config-if-gpon-0/1)#display ont optical-info 4 48
  Failure: The ONT does not exist

AQL-C_OLT_MA5600T(config-if-gpon-0/1)#display ont optical-info 4 49
  Failure: The ONT does not exist

AQL-C_OLT_MA5600T(config-if-gpon-0/1)#

AQL-C_OLT_MA5600T(config-if-gpon-0/1)#display ont optical-info 4 50
  Failure: The ONT does not exist

AQL-C_OLT_MA5600T(config-if-gpon-0/1)#display ont optical-info 4 51
  Failure: The ONT does not exist

AQL-C_OLT_MA5600T(config-if-gpon-0/1)#

AQL-C_OLT_MA5600T(config-if-gpon-0/1)#display ont optical-info 4 52
  Failure: The ONT does not exist

AQL-C_OLT_MA5600T(config-if-gpon-0/1)#display ont optical-info 4 53
  Failure: The ONT does not exist

AQL-C_OLT_MA5600T(config-if-gpon-0/1)#display ont optical-info 4 54
  Failure: The ONT does not exist

AQL-C_OLT_MA5600T(config-if-gpon-0/1)#display ont optical-info 4 55
  Failure: The ONT does not exist

AQL-C_OLT_MA5600T(config-if-gpon-0/1)#

AQL-C_OLT_MA5600T(config-if-gpon-0/1)#display ont optical-info 4 56
  Failure: The ONT does not exist

AQL-C_OLT_MA5600T(config-if-gpon-0/1)#display ont optical-info 4 57
  Failure: The ONT does not exist

AQL-C_OLT_MA5600T(config-if-gpon-0/1)#display ont optical-info 4 58
  Failure: The ONT does not exist

AQL-C_OLT_MA5600T(config-if-gpon-0/1)#

AQL-C_OLT_MA5600T(config-if-gpon-0/1)#display ont optical-info 4 59
  Failure: The ONT does not exist

AQL-C_OLT_MA5600T(config-if-gpon-0/1)#display ont optical-info 4 60
  Failure: The ONT does not exist

AQL-C_OLT_MA5600T(config-if-gpon-0/1)#

AQL-C_OLT_MA5600T(config-if-gpon-0/1)#display ont optical-info 4 61
  Failure: The ONT does not exist

AQL-C_OLT_MA5600T(config-if-gpon-0/1)#display ont optical-info 4 62
  Failure: The ONT does not exist

AQL-C_OLT_MA5600T(config-if-gpon-0/1)#display ont optical-info 4 63
  Failure: The ONT is not online

AQL-C_OLT_MA5600T(config-if-gpon-0/1)#display ont optical-info 4 64
  Failure: The ONT does not exist

AQL-C_OLT_MA5600T(config-if-gpon-0/1)#display ont optical-info 4 65
  Failure: The ONT does not exist

AQL-C_OLT_MA5600T(config-if-gpon-0/1)#

AQL-C_OLT_MA5600T(config-if-gpon-0/1)#display ont optical-info 4 66
  Failure: The ONT does not exist

AQL-C_OLT_MA5600T(config-if-gpon-0/1)#display ont optical-info 4 67
  Failure: The ONT does not exist

AQL-C_OLT_MA5600T(config-if-gpon-0/1)#display ont optical-info 4 68
  Failure: The ONT does not exist

AQL-C_OLT_MA5600T(config-if-gpon-0/1)#display ont optical-info 4 69
  Failure: The ONT does not exist

AQL-C_OLT_MA5600T(config-if-gpon-0/1)#display ont optical-info 4 70
  Failure: The ONT does not exist

AQL-C_OLT_MA5600T(config-if-gpon-0/1)#display ont optical-info 4 71
  Failure: The ONT does not exist

AQL-C_OLT_MA5600T(config-if-gpon-0/1)#display ont optical-info 4 72
  Failure: The ONT does not exist

AQL-C_OLT_MA5600T(config-if-gpon-0/1)#display ont optical-info 4 73
  Failure: The ONT does not exist

AQL-C_OLT_MA5600T(config-if-gpon-0/1)#display ont optical-info 4 74
  Failure: The ONT does not exist

AQL-C_OLT_MA5600T(config-if-gpon-0/1)#display ont optical-info 4 75
  Failure: The ONT does not exist

AQL-C_OLT_MA5600T(config-if-gpon-0/1)#

AQL-C_OLT_MA5600T(config-if-gpon-0/1)#display ont optical-info 4 76
  Failure: The ONT does not exist

AQL-C_OLT_MA5600T(config-if-gpon-0/1)#display ont optical-info 4 77
  Failure: The ONT does not exist

AQL-C_OLT_MA5600T(config-if-gpon-0/1)#display ont optical-info 4 78
  Failure: The ONT does not exist

AQL-C_OLT_MA5600T(config-if-gpon-0/1)#display ont optical-info 4 79
  Failure: The ONT does not exist

AQL-C_OLT_MA5600T(config-if-gpon-0/1)#display ont optical-info 4 80
  Failure: The ONT does not exist

AQL-C_OLT_MA5600T(config-if-gpon-0/1)#

AQL-C_OLT_MA5600T(config-if-gpon-0/1)#display ont optical-info 4 81
  Failure: The ONT does not exist

AQL-C_OLT_MA5600T(config-if-gpon-0/1)#display ont optical-info 4 82
  Failure: The ONT does not exist

AQL-C_OLT_MA5600T(config-if-gpon-0/1)#

AQL-C_OLT_MA5600T(config-if-gpon-0/1)#display ont optical-info 4 83
  Failure: The ONT does not exist

AQL-C_OLT_MA5600T(config-if-gpon-0/1)#display ont optical-info 4 84
  Failure: The ONT does not exist

AQL-C_OLT_MA5600T(config-if-gpon-0/1)#display ont optical-info 4 85
  Failure: The ONT does not exist

AQL-C_OLT_MA5600T(config-if-gpon-0/1)#display ont optical-info 4 86
  Failure: The ONT does not exist

AQL-C_OLT_MA5600T(config-if-gpon-0/1)#display ont optical-info 4 87
  Failure: The ONT does not exist

AQL-C_OLT_MA5600T(config-if-gpon-0/1)#display ont optical-info 4 88
  Failure: The ONT does not exist

AQL-C_OLT_MA5600T(config-if-gpon-0/1)#display ont optical-info 4 89
  Failure: The ONT does not exist

AQL-C_OLT_MA5600T(config-if-gpon-0/1)#display ont optical-info 4 90
  Failure: The ONT does not exist

AQL-C_OLT_MA5600T(config-if-gpon-0/1)#

AQL-C_OLT_MA5600T(config-if-gpon-0/1)#display ont optical-info 4 91
  Failure: The ONT does not exist

AQL-C_OLT_MA5600T(config-if-gpon-0/1)#display ont optical-info 4 92
  Failure: The ONT does not exist

AQL-C_OLT_MA5600T(config-if-gpon-0/1)#

AQL-C_OLT_MA5600T(config-if-gpon-0/1)#display ont optical-info 4 93
  Failure: The ONT does not exist

AQL-C_OLT_MA5600T(config-if-gpon-0/1)#display ont optical-info 4 94
  Failure: The ONT does not exist

AQL-C_OLT_MA5600T(config-if-gpon-0/1)#display ont optical-info 4 95
  Failure: The ONT does not exist

AQL-C_OLT_MA5600T(config-if-gpon-0/1)#

AQL-C_OLT_MA5600T(config-if-gpon-0/1)#display ont optical-info 4 96
  Failure: The ONT does not exist

AQL-C_OLT_MA5600T(config-if-gpon-0/1)#display ont optical-info 4 97
  Failure: The ONT does not exist

AQL-C_OLT_MA5600T(config-if-gpon-0/1)#

AQL-C_OLT_MA5600T(config-if-gpon-0/1)#display ont optical-info 4 98
  Failure: The ONT does not exist

AQL-C_OLT_MA5600T(config-if-gpon-0/1)#display ont optical-info 4 99
  Failure: The ONT does not exist

AQL-C_OLT_MA5600T(config-if-gpon-0/1)#display ont optical-info 4 100
  Failure: The ONT does not exist

AQL-C_OLT_MA5600T(config-if-gpon-0/1)#display ont optical-info 4 101
  Failure: The ONT does not exist

AQL-C_OLT_MA5600T(config-if-gpon-0/1)#display ont optical-info 4 102
  Failure: The ONT does not exist

AQL-C_OLT_MA5600T(config-if-gpon-0/1)#display ont optical-info 4 103
  Failure: The ONT does not exist

AQL-C_OLT_MA5600T(config-if-gpon-0/1)#

AQL-C_OLT_MA5600T(config-if-gpon-0/1)#display ont optical-info 4 104
  Failure: The ONT does not exist

AQL-C_OLT_MA5600T(config-if-gpon-0/1)#

AQL-C_OLT_MA5600T(config-if-gpon-0/1)#display ont optical-info 4 105
  Failure: The ONT does not exist

AQL-C_OLT_MA5600T(config-if-gpon-0/1)#display ont optical-info 4 106
  Failure: The ONT does not exist

AQL-C_OLT_MA5600T(config-if-gpon-0/1)#display ont 